DEPRECATION WARNING: ActiveRecord::Base.raise_in_transactional_callbacks= is deprecated, has no effect and will be removed without replacement. (called from require at /home/ubuntu/workspace/Assignment_two/bin/rails:9)
  [1m[35m (18.0ms)[0m  [1m[35mCREATE TABLE "schema_migrations" ("version" varchar NOT NULL PRIMARY KEY)[0m
  [1m[35m (16.2ms)[0m  [1m[35mCREATE TABLE "ar_internal_metadata" ("key" varchar NOT NULL PRIMARY KEY, "value" varchar, "created_at" datetime NOT NULL, "updated_at" datetime NOT NULL)[0m
  [1m[36mActiveRecord::SchemaMigration Load (0.3ms)[0m  [1m[34mSELECT "schema_migrations".* FROM "schema_migrations"[0m
Migrating to CreateUsers (20170225185803)
  [1m[35m (0.1ms)[0m  [1m[36mbegin transaction[0m
  [1m[35m (0.6ms)[0m  [1m[35mCREATE TABLE "users" ("id" INTEGER PRIMARY KEY AUTOINCREMENT NOT NULL, "first_name" varchar, "last_name" varchar, "email" varchar, "admin" boolean DEFAULT 'f', "password" varchar, "activated" boolean, "created_at" datetime NOT NULL, "updated_at" datetime NOT NULL)[0m
  [1m[35mSQL (0.2ms)[0m  [1m[32mINSERT INTO "schema_migrations" ("version") VALUES (?)[0m  [["version", "20170225185803"]]
  [1m[35m (14.7ms)[0m  [1m[36mcommit transaction[0m
Migrating to AddIndexToUsersEmail (20170225195413)
  [1m[35m (0.3ms)[0m  [1m[36mbegin transaction[0m
  [1m[35m (0.1ms)[0m  [1m[34mselect sqlite_version(*)[0m
  [1m[35m (0.3ms)[0m  [1m[35mCREATE UNIQUE INDEX "index_users_on_email" ON "users" ("email")[0m
  [1m[35mSQL (0.1ms)[0m  [1m[32mINSERT INTO "schema_migrations" ("version") VALUES (?)[0m  [["version", "20170225195413"]]
  [1m[35m (13.6ms)[0m  [1m[36mcommit transaction[0m
Migrating to RemoveColumn (20170225201132)
  [1m[35m (0.1ms)[0m  [1m[36mbegin transaction[0m
  [1m[35mSQL (0.4ms)[0m  [1m[32mINSERT INTO "schema_migrations" ("version") VALUES (?)[0m  [["version", "20170225201132"]]
  [1m[35m (24.8ms)[0m  [1m[36mcommit transaction[0m
Migrating to AddPasswordDigestToUsers (20170225201233)
  [1m[35m (0.1ms)[0m  [1m[36mbegin transaction[0m
  [1m[35m (0.5ms)[0m  [1m[35mALTER TABLE "users" ADD "password_digest" varchar[0m
  [1m[35mSQL (0.6ms)[0m  [1m[32mINSERT INTO "schema_migrations" ("version") VALUES (?)[0m  [["version", "20170225201233"]]
  [1m[35m (29.7ms)[0m  [1m[36mcommit transaction[0m
Migrating to AddRememberDigestToUsers (20170302144237)
  [1m[35m (0.1ms)[0m  [1m[36mbegin transaction[0m
  [1m[35m (0.5ms)[0m  [1m[35mALTER TABLE "users" ADD "remember_digest" varchar[0m
  [1m[35mSQL (0.2ms)[0m  [1m[32mINSERT INTO "schema_migrations" ("version") VALUES (?)[0m  [["version", "20170302144237"]]
  [1m[35m (19.7ms)[0m  [1m[36mcommit transaction[0m
Migrating to AddActivationToUsers (20170412154948)
  [1m[35m (0.1ms)[0m  [1m[36mbegin transaction[0m
  [1m[35m (0.5ms)[0m  [1m[35mALTER TABLE "users" ADD "activation_digest" varchar[0m
  [1m[35m (0.2ms)[0m  [1m[35mALTER TABLE "users" ADD "activated_at" datetime[0m
  [1m[35mSQL (0.2ms)[0m  [1m[32mINSERT INTO "schema_migrations" ("version") VALUES (?)[0m  [["version", "20170412154948"]]
  [1m[35m (23.7ms)[0m  [1m[36mcommit transaction[0m
Migrating to AddResetToUsers (20170413104408)
  [1m[35m (0.1ms)[0m  [1m[36mbegin transaction[0m
  [1m[35m (0.5ms)[0m  [1m[35mALTER TABLE "users" ADD "reset_digest" varchar[0m
  [1m[35m (0.3ms)[0m  [1m[35mALTER TABLE "users" ADD "reset_sent_at" datetime[0m
  [1m[35mSQL (0.1ms)[0m  [1m[32mINSERT INTO "schema_migrations" ("version") VALUES (?)[0m  [["version", "20170413104408"]]
  [1m[35m (28.1ms)[0m  [1m[36mcommit transaction[0m
  [1m[36mActiveRecord::InternalMetadata Load (0.2ms)[0m  [1m[34mSELECT  "ar_internal_metadata".* FROM "ar_internal_metadata" WHERE "ar_internal_metadata"."key" = ? LIMIT ?[0m  [["key", :environment], ["LIMIT", 1]]
  [1m[35m (0.3ms)[0m  [1m[36mbegin transaction[0m
  [1m[35mSQL (0.3ms)[0m  [1m[32mINSERT INTO "ar_internal_metadata" ("key", "value", "created_at", "updated_at") VALUES (?, ?, ?, ?)[0m  [["key", "environment"], ["value", "development"], ["created_at", 2017-04-26 17:12:43 UTC], ["updated_at", 2017-04-26 17:12:43 UTC]]
  [1m[35m (20.7ms)[0m  [1m[36mcommit transaction[0m
  [1m[36mActiveRecord::SchemaMigration Load (0.2ms)[0m  [1m[34mSELECT "schema_migrations".* FROM "schema_migrations"[0m
  [1m[35m (0.2ms)[0m  [1m[34m            SELECT sql
            FROM sqlite_master
            WHERE name='index_users_on_email' AND type='index'
            UNION ALL
            SELECT sql
            FROM sqlite_temp_master
            WHERE name='index_users_on_email' AND type='index'
[0m
DEPRECATION WARNING: ActiveRecord::Base.raise_in_transactional_callbacks= is deprecated, has no effect and will be removed without replacement. (called from require at /home/ubuntu/workspace/Assignment_two/bin/rails:9)
  [1m[36mActiveRecord::SchemaMigration Load (0.3ms)[0m  [1m[34mSELECT "schema_migrations".* FROM "schema_migrations"[0m
  [1m[36mActiveRecord::InternalMetadata Load (0.3ms)[0m  [1m[34mSELECT  "ar_internal_metadata".* FROM "ar_internal_metadata" WHERE "ar_internal_metadata"."key" = ? LIMIT ?[0m  [["key", :environment], ["LIMIT", 1]]
  [1m[35m (0.1ms)[0m  [1m[36mbegin transaction[0m
  [1m[35m (0.1ms)[0m  [1m[36mcommit transaction[0m
  [1m[36mActiveRecord::SchemaMigration Load (0.1ms)[0m  [1m[34mSELECT "schema_migrations".* FROM "schema_migrations"[0m
  [1m[35m (0.1ms)[0m  [1m[34m            SELECT sql
            FROM sqlite_master
            WHERE name='index_users_on_email' AND type='index'
            UNION ALL
            SELECT sql
            FROM sqlite_temp_master
            WHERE name='index_users_on_email' AND type='index'
[0m
DEPRECATION WARNING: ActiveRecord::Base.raise_in_transactional_callbacks= is deprecated, has no effect and will be removed without replacement. (called from require at /home/ubuntu/workspace/Assignment_two/bin/rails:9)
  [1m[36mActiveRecord::SchemaMigration Load (0.4ms)[0m  [1m[34mSELECT "schema_migrations".* FROM "schema_migrations"[0m
  [1m[35m (0.2ms)[0m  [1m[36mbegin transaction[0m
  [1m[36mUser Exists (0.4ms)[0m  [1m[34mSELECT  1 AS one FROM "users" WHERE LOWER("users"."email") = LOWER(?) LIMIT ?[0m  [["email", "example@railstutorial.org"], ["LIMIT", 1]]
  [1m[35mSQL (0.4ms)[0m  [1m[32mINSERT INTO "users" ("first_name", "last_name", "email", "admin", "activated", "created_at", "updated_at", "password_digest", "activation_digest", "activated_at") VALUES (?, ?, ?, ?, ?, ?, ?, ?, ?, ?)[0m  [["first_name", "Example"], ["last_name", "User"], ["email", "example@railstutorial.org"], ["admin", true], ["activated", true], ["created_at", 2017-04-26 17:14:19 UTC], ["updated_at", 2017-04-26 17:14:19 UTC], ["password_digest", "$2a$10$hqW4zwprGzEQ9.TVDMICm.az8oMcia/ro99luycNSVQ4mCIaKcgVe"], ["activation_digest", "$2a$10$lQ5CvlW3qW3E34j7dQwwVe08PcTf.6HKiHvjRVpzl9TLQd.9cSr7G"], ["activated_at", 2017-04-26 17:14:19 UTC]]
  [1m[35m (17.0ms)[0m  [1m[36mcommit transaction[0m
  [1m[35m (0.2ms)[0m  [1m[36mbegin transaction[0m
  [1m[36mUser Exists (0.3ms)[0m  [1m[34mSELECT  1 AS one FROM "users" WHERE LOWER("users"."email") = LOWER(?) LIMIT ?[0m  [["email", "example-1@railstutorial.org"], ["LIMIT", 1]]
  [1m[35mSQL (0.4ms)[0m  [1m[32mINSERT INTO "users" ("first_name", "email", "activated", "created_at", "updated_at", "password_digest", "activation_digest", "activated_at") VALUES (?, ?, ?, ?, ?, ?, ?, ?)[0m  [["first_name", "Leonor Green"], ["email", "example-1@railstutorial.org"], ["activated", true], ["created_at", 2017-04-26 17:14:20 UTC], ["updated_at", 2017-04-26 17:14:20 UTC], ["password_digest", "$2a$10$XbzI14RYXxD5Dv8BpvsUsOP3e0o9cZ0AaK0japM2Dc.fIN/PLeeSi"], ["activation_digest", "$2a$10$4DyKrDs84N2N6wRXgG5Tzed7sHoEm6VZd9xHPLBNEbe2oMm/vUUo2"], ["activated_at", 2017-04-26 17:14:20 UTC]]
  [1m[35m (15.3ms)[0m  [1m[36mcommit transaction[0m
  [1m[35m (0.2ms)[0m  [1m[36mbegin transaction[0m
  [1m[36mUser Exists (0.3ms)[0m  [1m[34mSELECT  1 AS one FROM "users" WHERE LOWER("users"."email") = LOWER(?) LIMIT ?[0m  [["email", "example-2@railstutorial.org"], ["LIMIT", 1]]
  [1m[35mSQL (0.5ms)[0m  [1m[32mINSERT INTO "users" ("first_name", "email", "activated", "created_at", "updated_at", "password_digest", "activation_digest", "activated_at") VALUES (?, ?, ?, ?, ?, ?, ?, ?)[0m  [["first_name", "Consuelo Schmidt"], ["email", "example-2@railstutorial.org"], ["activated", true], ["created_at", 2017-04-26 17:14:20 UTC], ["updated_at", 2017-04-26 17:14:20 UTC], ["password_digest", "$2a$10$SZW0N9S8c1T06gL6aeR14uHFGOqssEDi/awDNkPwmiHCIv/PMO5sC"], ["activation_digest", "$2a$10$dc8CkX2qmBMuDLeijYVQHOeElAjAbbfldmNS1N2mXrjBYsW5ERhIa"], ["activated_at", 2017-04-26 17:14:20 UTC]]
  [1m[35m (12.3ms)[0m  [1m[36mcommit transaction[0m
  [1m[35m (0.2ms)[0m  [1m[36mbegin transaction[0m
  [1m[36mUser Exists (0.3ms)[0m  [1m[34mSELECT  1 AS one FROM "users" WHERE LOWER("users"."email") = LOWER(?) LIMIT ?[0m  [["email", "example-3@railstutorial.org"], ["LIMIT", 1]]
  [1m[35mSQL (0.3ms)[0m  [1m[32mINSERT INTO "users" ("first_name", "email", "activated", "created_at", "updated_at", "password_digest", "activation_digest", "activated_at") VALUES (?, ?, ?, ?, ?, ?, ?, ?)[0m  [["first_name", "Hailey Tremblay"], ["email", "example-3@railstutorial.org"], ["activated", true], ["created_at", 2017-04-26 17:14:21 UTC], ["updated_at", 2017-04-26 17:14:21 UTC], ["password_digest", "$2a$10$yofU3hRS2T312qOReO7SpeOj6XYiQRDTMxtbmgnU1RLHSn.JwbESG"], ["activation_digest", "$2a$10$O0Oc1AINY4wpUnuB7OtzYu5lbFvZYxF13pbqFFBblAyPhighvsFcK"], ["activated_at", 2017-04-26 17:14:21 UTC]]
  [1m[35m (10.0ms)[0m  [1m[36mcommit transaction[0m
  [1m[35m (0.1ms)[0m  [1m[36mbegin transaction[0m
  [1m[36mUser Exists (0.3ms)[0m  [1m[34mSELECT  1 AS one FROM "users" WHERE LOWER("users"."email") = LOWER(?) LIMIT ?[0m  [["email", "example-4@railstutorial.org"], ["LIMIT", 1]]
  [1m[35mSQL (0.5ms)[0m  [1m[32mINSERT INTO "users" ("first_name", "email", "activated", "created_at", "updated_at", "password_digest", "activation_digest", "activated_at") VALUES (?, ?, ?, ?, ?, ?, ?, ?)[0m  [["first_name", "Eileen Rolfson"], ["email", "example-4@railstutorial.org"], ["activated", true], ["created_at", 2017-04-26 17:14:21 UTC], ["updated_at", 2017-04-26 17:14:21 UTC], ["password_digest", "$2a$10$qLqkCzekIytadcTjKGEdyOrnETgAUGOVZ1RfRc2ovkky9qhW7p8za"], ["activation_digest", "$2a$10$imeoP6UB5GsmAS0W0IBVUurGv.HVO8KlMZ6etmp5TP0lH2ZtV0rZe"], ["activated_at", 2017-04-26 17:14:21 UTC]]
  [1m[35m (12.1ms)[0m  [1m[36mcommit transaction[0m
  [1m[35m (0.1ms)[0m  [1m[36mbegin transaction[0m
  [1m[36mUser Exists (0.2ms)[0m  [1m[34mSELECT  1 AS one FROM "users" WHERE LOWER("users"."email") = LOWER(?) LIMIT ?[0m  [["email", "example-5@railstutorial.org"], ["LIMIT", 1]]
  [1m[35mSQL (0.3ms)[0m  [1m[32mINSERT INTO "users" ("first_name", "email", "activated", "created_at", "updated_at", "password_digest", "activation_digest", "activated_at") VALUES (?, ?, ?, ?, ?, ?, ?, ?)[0m  [["first_name", "Kathryne Stoltenberg"], ["email", "example-5@railstutorial.org"], ["activated", true], ["created_at", 2017-04-26 17:14:21 UTC], ["updated_at", 2017-04-26 17:14:21 UTC], ["password_digest", "$2a$10$hSvyvt1VuTs8p9IwIS0ag.Bq9FFKpZwMPpbpl5BvyqUgbAFiWCsJK"], ["activation_digest", "$2a$10$yVZIqpBLfZ.numBzjQjl7.Sfc2zFu4BPGFQpjL9RCvavMiXCmjGcy"], ["activated_at", 2017-04-26 17:14:21 UTC]]
  [1m[35m (12.7ms)[0m  [1m[36mcommit transaction[0m
  [1m[35m (0.1ms)[0m  [1m[36mbegin transaction[0m
  [1m[36mUser Exists (0.2ms)[0m  [1m[34mSELECT  1 AS one FROM "users" WHERE LOWER("users"."email") = LOWER(?) LIMIT ?[0m  [["email", "example-6@railstutorial.org"], ["LIMIT", 1]]
  [1m[35mSQL (0.5ms)[0m  [1m[32mINSERT INTO "users" ("first_name", "email", "activated", "created_at", "updated_at", "password_digest", "activation_digest", "activated_at") VALUES (?, ?, ?, ?, ?, ?, ?, ?)[0m  [["first_name", "Adriel Reichel"], ["email", "example-6@railstutorial.org"], ["activated", true], ["created_at", 2017-04-26 17:14:21 UTC], ["updated_at", 2017-04-26 17:14:21 UTC], ["password_digest", "$2a$10$wgEWNzEhDuUzVmE59zkfTuYBBKSBCbJvP5.JLz0awkLuYG1qpB7o6"], ["activation_digest", "$2a$10$BPd6ODENznnNLZJmC7DgVOCZEKXp5q2pgmatNMw9Ga/bA7KCcT0Em"], ["activated_at", 2017-04-26 17:14:21 UTC]]
  [1m[35m (14.4ms)[0m  [1m[36mcommit transaction[0m
  [1m[35m (0.2ms)[0m  [1m[36mbegin transaction[0m
  [1m[36mUser Exists (0.3ms)[0m  [1m[34mSELECT  1 AS one FROM "users" WHERE LOWER("users"."email") = LOWER(?) LIMIT ?[0m  [["email", "example-7@railstutorial.org"], ["LIMIT", 1]]
  [1m[35mSQL (0.4ms)[0m  [1m[32mINSERT INTO "users" ("first_name", "email", "activated", "created_at", "updated_at", "password_digest", "activation_digest", "activated_at") VALUES (?, ?, ?, ?, ?, ?, ?, ?)[0m  [["first_name", "Justus Schowalter"], ["email", "example-7@railstutorial.org"], ["activated", true], ["created_at", 2017-04-26 17:14:22 UTC], ["updated_at", 2017-04-26 17:14:22 UTC], ["password_digest", "$2a$10$CtQx32wMr8ay3gKzLG4zu.mYIWMWeeDDsJsKYeswwvNl/zrfsMAoa"], ["activation_digest", "$2a$10$6cc5diLBMb6EbH5ma2OtIu8D7FBpogElyUraKjj6G/cbPa8MFTcCu"], ["activated_at", 2017-04-26 17:14:22 UTC]]
  [1m[35m (12.4ms)[0m  [1m[36mcommit transaction[0m
  [1m[35m (0.1ms)[0m  [1m[36mbegin transaction[0m
  [1m[36mUser Exists (0.3ms)[0m  [1m[34mSELECT  1 AS one FROM "users" WHERE LOWER("users"."email") = LOWER(?) LIMIT ?[0m  [["email", "example-8@railstutorial.org"], ["LIMIT", 1]]
  [1m[35mSQL (0.3ms)[0m  [1m[32mINSERT INTO "users" ("first_name", "email", "activated", "created_at", "updated_at", "password_digest", "activation_digest", "activated_at") VALUES (?, ?, ?, ?, ?, ?, ?, ?)[0m  [["first_name", "Granville Ward"], ["email", "example-8@railstutorial.org"], ["activated", true], ["created_at", 2017-04-26 17:14:22 UTC], ["updated_at", 2017-04-26 17:14:22 UTC], ["password_digest", "$2a$10$AdW5oYo5BhtHeSgx5kgVzuNUzhLj4AnPoMVi1S3dH5Ob8K3YFZ3K."], ["activation_digest", "$2a$10$Trx4O/UMJxPch.lIrJJjEu.qYMcRymkH4zHr79d/qkf.fDJbMUm6e"], ["activated_at", 2017-04-26 17:14:22 UTC]]
  [1m[35m (13.7ms)[0m  [1m[36mcommit transaction[0m
  [1m[35m (0.2ms)[0m  [1m[36mbegin transaction[0m
  [1m[36mUser Exists (0.3ms)[0m  [1m[34mSELECT  1 AS one FROM "users" WHERE LOWER("users"."email") = LOWER(?) LIMIT ?[0m  [["email", "example-9@railstutorial.org"], ["LIMIT", 1]]
  [1m[35mSQL (0.5ms)[0m  [1m[32mINSERT INTO "users" ("first_name", "email", "activated", "created_at", "updated_at", "password_digest", "activation_digest", "activated_at") VALUES (?, ?, ?, ?, ?, ?, ?, ?)[0m  [["first_name", "Hattie Nienow DVM"], ["email", "example-9@railstutorial.org"], ["activated", true], ["created_at", 2017-04-26 17:14:22 UTC], ["updated_at", 2017-04-26 17:14:22 UTC], ["password_digest", "$2a$10$qBQsyatt/x7JCuiyiGhwHemxOrs1XE9qEw/VpFRoZ1/UhYPxZq/bm"], ["activation_digest", "$2a$10$saFJxGmzjOkMzHnEZEloM.ZENKRQyjFi96prtwu7nW1nS2B6cD/K."], ["activated_at", 2017-04-26 17:14:22 UTC]]
  [1m[35m (11.0ms)[0m  [1m[36mcommit transaction[0m
  [1m[35m (0.1ms)[0m  [1m[36mbegin transaction[0m
  [1m[36mUser Exists (0.2ms)[0m  [1m[34mSELECT  1 AS one FROM "users" WHERE LOWER("users"."email") = LOWER(?) LIMIT ?[0m  [["email", "example-10@railstutorial.org"], ["LIMIT", 1]]
  [1m[35mSQL (0.5ms)[0m  [1m[32mINSERT INTO "users" ("first_name", "email", "activated", "created_at", "updated_at", "password_digest", "activation_digest", "activated_at") VALUES (?, ?, ?, ?, ?, ?, ?, ?)[0m  [["first_name", "Jana Boyle"], ["email", "example-10@railstutorial.org"], ["activated", true], ["created_at", 2017-04-26 17:14:22 UTC], ["updated_at", 2017-04-26 17:14:22 UTC], ["password_digest", "$2a$10$NrJ1E/7CTB/JdEM6xILhbOxt7Fwjx5M8RZ.HWTy5dhbhsoKvu9q2G"], ["activation_digest", "$2a$10$8pZ8CPNzs4Gov5pQ2TwT1.KdmHN9gZRJiIBm32s6JQDHE37SCgaoO"], ["activated_at", 2017-04-26 17:14:22 UTC]]
  [1m[35m (24.8ms)[0m  [1m[36mcommit transaction[0m
  [1m[35m (0.2ms)[0m  [1m[36mbegin transaction[0m
  [1m[36mUser Exists (0.3ms)[0m  [1m[34mSELECT  1 AS one FROM "users" WHERE LOWER("users"."email") = LOWER(?) LIMIT ?[0m  [["email", "example-11@railstutorial.org"], ["LIMIT", 1]]
  [1m[35mSQL (0.3ms)[0m  [1m[32mINSERT INTO "users" ("first_name", "email", "activated", "created_at", "updated_at", "password_digest", "activation_digest", "activated_at") VALUES (?, ?, ?, ?, ?, ?, ?, ?)[0m  [["first_name", "Mr. Angelita Monahan"], ["email", "example-11@railstutorial.org"], ["activated", true], ["created_at", 2017-04-26 17:14:23 UTC], ["updated_at", 2017-04-26 17:14:23 UTC], ["password_digest", "$2a$10$DxvcAIik/pCanCfZN7sDtu9CniX9PoBm3fS74b.EjGk./da1ZsXOi"], ["activation_digest", "$2a$10$4NHPJeRGrX4XAETtZNWK6.yqpq2zg.KpHAY85GqD802fjar3Pq.ny"], ["activated_at", 2017-04-26 17:14:23 UTC]]
  [1m[35m (15.6ms)[0m  [1m[36mcommit transaction[0m
  [1m[35m (0.2ms)[0m  [1m[36mbegin transaction[0m
  [1m[36mUser Exists (0.3ms)[0m  [1m[34mSELECT  1 AS one FROM "users" WHERE LOWER("users"."email") = LOWER(?) LIMIT ?[0m  [["email", "example-12@railstutorial.org"], ["LIMIT", 1]]
  [1m[35mSQL (0.5ms)[0m  [1m[32mINSERT INTO "users" ("first_name", "email", "activated", "created_at", "updated_at", "password_digest", "activation_digest", "activated_at") VALUES (?, ?, ?, ?, ?, ?, ?, ?)[0m  [["first_name", "Mrs. Deborah Towne"], ["email", "example-12@railstutorial.org"], ["activated", true], ["created_at", 2017-04-26 17:14:23 UTC], ["updated_at", 2017-04-26 17:14:23 UTC], ["password_digest", "$2a$10$io0X9MpozrqPb8MV.3bcA.SQRl81A/N56RxOs4scgAnAtQXxdJABK"], ["activation_digest", "$2a$10$Ax7mXQZnuyhcZLXbtzbfx.BGvMHmpmD6cCx4Hj.ex12dphIukEziG"], ["activated_at", 2017-04-26 17:14:23 UTC]]
  [1m[35m (10.9ms)[0m  [1m[36mcommit transaction[0m
  [1m[35m (0.2ms)[0m  [1m[36mbegin transaction[0m
  [1m[36mUser Exists (0.3ms)[0m  [1m[34mSELECT  1 AS one FROM "users" WHERE LOWER("users"."email") = LOWER(?) LIMIT ?[0m  [["email", "example-13@railstutorial.org"], ["LIMIT", 1]]
  [1m[35mSQL (0.5ms)[0m  [1m[32mINSERT INTO "users" ("first_name", "email", "activated", "created_at", "updated_at", "password_digest", "activation_digest", "activated_at") VALUES (?, ?, ?, ?, ?, ?, ?, ?)[0m  [["first_name", "Giuseppe Wuckert"], ["email", "example-13@railstutorial.org"], ["activated", true], ["created_at", 2017-04-26 17:14:23 UTC], ["updated_at", 2017-04-26 17:14:23 UTC], ["password_digest", "$2a$10$iz.Oz/Iz2ZnS.25dmvuR2eL4zfyHDXtnbvZpKLEUHW8AOkLqPlyve"], ["activation_digest", "$2a$10$kt9kNAPkUI3LHL7aUHf2E.4qUG81z./cHd8eAZC5d4mQz2oDmCVB."], ["activated_at", 2017-04-26 17:14:23 UTC]]
  [1m[35m (12.8ms)[0m  [1m[36mcommit transaction[0m
  [1m[35m (0.2ms)[0m  [1m[36mbegin transaction[0m
  [1m[36mUser Exists (0.3ms)[0m  [1m[34mSELECT  1 AS one FROM "users" WHERE LOWER("users"."email") = LOWER(?) LIMIT ?[0m  [["email", "example-14@railstutorial.org"], ["LIMIT", 1]]
  [1m[35mSQL (0.4ms)[0m  [1m[32mINSERT INTO "users" ("first_name", "email", "activated", "created_at", "updated_at", "password_digest", "activation_digest", "activated_at") VALUES (?, ?, ?, ?, ?, ?, ?, ?)[0m  [["first_name", "Caleigh Herzog"], ["email", "example-14@railstutorial.org"], ["activated", true], ["created_at", 2017-04-26 17:14:23 UTC], ["updated_at", 2017-04-26 17:14:23 UTC], ["password_digest", "$2a$10$2mJd.UP3E2UduF/UB9qmUu8aonVnDyhJkVN773ua9WvbBsarlYt3y"], ["activation_digest", "$2a$10$oh0IomTUuCWhbRqrwXlTFujnRvTS3nphKjumqgfYtwQrFz9gUhLOm"], ["activated_at", 2017-04-26 17:14:23 UTC]]
  [1m[35m (10.5ms)[0m  [1m[36mcommit transaction[0m
  [1m[35m (0.2ms)[0m  [1m[36mbegin transaction[0m
  [1m[36mUser Exists (0.3ms)[0m  [1m[34mSELECT  1 AS one FROM "users" WHERE LOWER("users"."email") = LOWER(?) LIMIT ?[0m  [["email", "example-15@railstutorial.org"], ["LIMIT", 1]]
  [1m[35mSQL (0.3ms)[0m  [1m[32mINSERT INTO "users" ("first_name", "email", "activated", "created_at", "updated_at", "password_digest", "activation_digest", "activated_at") VALUES (?, ?, ?, ?, ?, ?, ?, ?)[0m  [["first_name", "Libbie Ernser"], ["email", "example-15@railstutorial.org"], ["activated", true], ["created_at", 2017-04-26 17:14:24 UTC], ["updated_at", 2017-04-26 17:14:24 UTC], ["password_digest", "$2a$10$sq/2s3tcpJJgB50BYjkJgeryXnMd7WO6RFb0bDWpASaRlGtmDgUIa"], ["activation_digest", "$2a$10$7Dp3TmJvVBX.XiaCo4FpzOwlN5xtPqL2XOdhQtBaNRJKFmW3nCq9e"], ["activated_at", 2017-04-26 17:14:24 UTC]]
  [1m[35m (10.6ms)[0m  [1m[36mcommit transaction[0m
  [1m[35m (0.2ms)[0m  [1m[36mbegin transaction[0m
  [1m[36mUser Exists (0.3ms)[0m  [1m[34mSELECT  1 AS one FROM "users" WHERE LOWER("users"."email") = LOWER(?) LIMIT ?[0m  [["email", "example-16@railstutorial.org"], ["LIMIT", 1]]
  [1m[35mSQL (0.4ms)[0m  [1m[32mINSERT INTO "users" ("first_name", "email", "activated", "created_at", "updated_at", "password_digest", "activation_digest", "activated_at") VALUES (?, ?, ?, ?, ?, ?, ?, ?)[0m  [["first_name", "Gussie Parker"], ["email", "example-16@railstutorial.org"], ["activated", true], ["created_at", 2017-04-26 17:14:24 UTC], ["updated_at", 2017-04-26 17:14:24 UTC], ["password_digest", "$2a$10$4L5xjRLzP/LDUEyt7Cd6V.50YHegvxwKA5m990QWARpBwYRh.t7dm"], ["activation_digest", "$2a$10$5spcLRCHQ6aorW2dXQ5aR.V9YT/ZzzTdwk2r7pLaq93HOMg312qTS"], ["activated_at", 2017-04-26 17:14:24 UTC]]
  [1m[35m (12.7ms)[0m  [1m[36mcommit transaction[0m
  [1m[35m (0.1ms)[0m  [1m[36mbegin transaction[0m
  [1m[36mUser Exists (0.3ms)[0m  [1m[34mSELECT  1 AS one FROM "users" WHERE LOWER("users"."email") = LOWER(?) LIMIT ?[0m  [["email", "example-17@railstutorial.org"], ["LIMIT", 1]]
  [1m[35mSQL (0.4ms)[0m  [1m[32mINSERT INTO "users" ("first_name", "email", "activated", "created_at", "updated_at", "password_digest", "activation_digest", "activated_at") VALUES (?, ?, ?, ?, ?, ?, ?, ?)[0m  [["first_name", "Dino Kautzer"], ["email", "example-17@railstutorial.org"], ["activated", true], ["created_at", 2017-04-26 17:14:24 UTC], ["updated_at", 2017-04-26 17:14:24 UTC], ["password_digest", "$2a$10$s1S0nGSmEfa/.wa1LzhsTeycLO5eG.dmUHLN7o.bZkH8qmdqahKHm"], ["activation_digest", "$2a$10$e4RIn8GP5CH7AjWFDAaEtuvsVZCwmoe6ZqfcieeykUjusQntclimm"], ["activated_at", 2017-04-26 17:14:24 UTC]]
  [1m[35m (14.8ms)[0m  [1m[36mcommit transaction[0m
  [1m[35m (0.2ms)[0m  [1m[36mbegin transaction[0m
  [1m[36mUser Exists (0.3ms)[0m  [1m[34mSELECT  1 AS one FROM "users" WHERE LOWER("users"."email") = LOWER(?) LIMIT ?[0m  [["email", "example-18@railstutorial.org"], ["LIMIT", 1]]
  [1m[35mSQL (0.4ms)[0m  [1m[32mINSERT INTO "users" ("first_name", "email", "activated", "created_at", "updated_at", "password_digest", "activation_digest", "activated_at") VALUES (?, ?, ?, ?, ?, ?, ?, ?)[0m  [["first_name", "Belle Volkman PhD"], ["email", "example-18@railstutorial.org"], ["activated", true], ["created_at", 2017-04-26 17:14:24 UTC], ["updated_at", 2017-04-26 17:14:24 UTC], ["password_digest", "$2a$10$L9L31xHaHqWjzX5LpAOkMuFbEHN6ud4abuLzWFw2ei6QRtZFhzgh."], ["activation_digest", "$2a$10$bN3j6LYNdZD3W5XQgPso8.u1O8KtbaI4s2QaXvfzf4ic8pcViVsMO"], ["activated_at", 2017-04-26 17:14:24 UTC]]
  [1m[35m (11.7ms)[0m  [1m[36mcommit transaction[0m
  [1m[35m (0.1ms)[0m  [1m[36mbegin transaction[0m
  [1m[36mUser Exists (0.4ms)[0m  [1m[34mSELECT  1 AS one FROM "users" WHERE LOWER("users"."email") = LOWER(?) LIMIT ?[0m  [["email", "example-19@railstutorial.org"], ["LIMIT", 1]]
  [1m[35mSQL (0.5ms)[0m  [1m[32mINSERT INTO "users" ("first_name", "email", "activated", "created_at", "updated_at", "password_digest", "activation_digest", "activated_at") VALUES (?, ?, ?, ?, ?, ?, ?, ?)[0m  [["first_name", "Elza Bailey"], ["email", "example-19@railstutorial.org"], ["activated", true], ["created_at", 2017-04-26 17:14:25 UTC], ["updated_at", 2017-04-26 17:14:25 UTC], ["password_digest", "$2a$10$le0tX85mGHeN6QjCfQxEIe.y9Lmgru46OuTuBkC1NqaWnB0URcUD2"], ["activation_digest", "$2a$10$DxFaPK8wbQ0piDg22kDci.EQZBuWyA8EWiNt1AnHkDZWbFG4kfIX6"], ["activated_at", 2017-04-26 17:14:25 UTC]]
  [1m[35m (11.4ms)[0m  [1m[36mcommit transaction[0m
  [1m[35m (0.2ms)[0m  [1m[36mbegin transaction[0m
  [1m[36mUser Exists (0.3ms)[0m  [1m[34mSELECT  1 AS one FROM "users" WHERE LOWER("users"."email") = LOWER(?) LIMIT ?[0m  [["email", "example-20@railstutorial.org"], ["LIMIT", 1]]
  [1m[35mSQL (0.5ms)[0m  [1m[32mINSERT INTO "users" ("first_name", "email", "activated", "created_at", "updated_at", "password_digest", "activation_digest", "activated_at") VALUES (?, ?, ?, ?, ?, ?, ?, ?)[0m  [["first_name", "Ms. Bradley Hudson"], ["email", "example-20@railstutorial.org"], ["activated", true], ["created_at", 2017-04-26 17:14:25 UTC], ["updated_at", 2017-04-26 17:14:25 UTC], ["password_digest", "$2a$10$bO3qF2hnfqi4iBSgKLWgMePGeGMkQ3GRY8jAPGk/bjZVprVQ95x06"], ["activation_digest", "$2a$10$rjmlVJ8kCy6eo6KvgIBt/eqNgGnPiUY/4G7Tag7zU4bwWqIUjyIlm"], ["activated_at", 2017-04-26 17:14:25 UTC]]
  [1m[35m (12.3ms)[0m  [1m[36mcommit transaction[0m
  [1m[35m (0.1ms)[0m  [1m[36mbegin transaction[0m
  [1m[36mUser Exists (0.3ms)[0m  [1m[34mSELECT  1 AS one FROM "users" WHERE LOWER("users"."email") = LOWER(?) LIMIT ?[0m  [["email", "example-21@railstutorial.org"], ["LIMIT", 1]]
  [1m[35mSQL (0.4ms)[0m  [1m[32mINSERT INTO "users" ("first_name", "email", "activated", "created_at", "updated_at", "password_digest", "activation_digest", "activated_at") VALUES (?, ?, ?, ?, ?, ?, ?, ?)[0m  [["first_name", "Cooper Anderson"], ["email", "example-21@railstutorial.org"], ["activated", true], ["created_at", 2017-04-26 17:14:25 UTC], ["updated_at", 2017-04-26 17:14:25 UTC], ["password_digest", "$2a$10$k5ZbNg9lUFsoMXXY7Q56PulHh88uccekvXXuB6kdFyh/py45MSua6"], ["activation_digest", "$2a$10$IqmFlfVEedeN5hE8dIyyRO6eIBz3/1HFSn2fd9i65JoLfUdONRFWC"], ["activated_at", 2017-04-26 17:14:25 UTC]]
  [1m[35m (11.8ms)[0m  [1m[36mcommit transaction[0m
  [1m[35m (0.2ms)[0m  [1m[36mbegin transaction[0m
  [1m[36mUser Exists (0.3ms)[0m  [1m[34mSELECT  1 AS one FROM "users" WHERE LOWER("users"."email") = LOWER(?) LIMIT ?[0m  [["email", "example-22@railstutorial.org"], ["LIMIT", 1]]
  [1m[35mSQL (0.5ms)[0m  [1m[32mINSERT INTO "users" ("first_name", "email", "activated", "created_at", "updated_at", "password_digest", "activation_digest", "activated_at") VALUES (?, ?, ?, ?, ?, ?, ?, ?)[0m  [["first_name", "Mrs. Wilburn Wilderman"], ["email", "example-22@railstutorial.org"], ["activated", true], ["created_at", 2017-04-26 17:14:25 UTC], ["updated_at", 2017-04-26 17:14:25 UTC], ["password_digest", "$2a$10$nQJYTpOaHKkGdZMJUnNPiOETm5WqtdvBwIaqmTL.KIE5NN0bhlU.a"], ["activation_digest", "$2a$10$12Q8R/Jnsm7QUaNKP2Z0Uuxb6WeLcqz2DGOkgJi8xcehnn/.UiFx2"], ["activated_at", 2017-04-26 17:14:25 UTC]]
  [1m[35m (11.1ms)[0m  [1m[36mcommit transaction[0m
  [1m[35m (0.1ms)[0m  [1m[36mbegin transaction[0m
  [1m[36mUser Exists (0.4ms)[0m  [1m[34mSELECT  1 AS one FROM "users" WHERE LOWER("users"."email") = LOWER(?) LIMIT ?[0m  [["email", "example-23@railstutorial.org"], ["LIMIT", 1]]
  [1m[35mSQL (0.4ms)[0m  [1m[32mINSERT INTO "users" ("first_name", "email", "activated", "created_at", "updated_at", "password_digest", "activation_digest", "activated_at") VALUES (?, ?, ?, ?, ?, ?, ?, ?)[0m  [["first_name", "Gussie Hane"], ["email", "example-23@railstutorial.org"], ["activated", true], ["created_at", 2017-04-26 17:14:26 UTC], ["updated_at", 2017-04-26 17:14:26 UTC], ["password_digest", "$2a$10$UO2c1XzIhN3xqyUHbKthzuFwTJBcvIetP9mBWh4OL6bFiP3lXaMY."], ["activation_digest", "$2a$10$ZeY3IHal3kWskNlsJX9MEuqjQzLuJOGhgZJtleHT1dOMjsXlrlfTu"], ["activated_at", 2017-04-26 17:14:26 UTC]]
  [1m[35m (12.6ms)[0m  [1m[36mcommit transaction[0m
  [1m[35m (0.1ms)[0m  [1m[36mbegin transaction[0m
  [1m[36mUser Exists (0.3ms)[0m  [1m[34mSELECT  1 AS one FROM "users" WHERE LOWER("users"."email") = LOWER(?) LIMIT ?[0m  [["email", "example-24@railstutorial.org"], ["LIMIT", 1]]
  [1m[35mSQL (0.5ms)[0m  [1m[32mINSERT INTO "users" ("first_name", "email", "activated", "created_at", "updated_at", "password_digest", "activation_digest", "activated_at") VALUES (?, ?, ?, ?, ?, ?, ?, ?)[0m  [["first_name", "Mr. Harrison Conn"], ["email", "example-24@railstutorial.org"], ["activated", true], ["created_at", 2017-04-26 17:14:26 UTC], ["updated_at", 2017-04-26 17:14:26 UTC], ["password_digest", "$2a$10$WCl6YZEhjWNRUNgA/cWl9.O6gW3OxW84s67YHO9UWPyIV8jN3rYo."], ["activation_digest", "$2a$10$7JUV1SlaKjMSgWbVUl9Y5eju0X5zpWhUqJtvkF07438E.o/c69WR6"], ["activated_at", 2017-04-26 17:14:26 UTC]]
  [1m[35m (13.1ms)[0m  [1m[36mcommit transaction[0m
  [1m[35m (0.2ms)[0m  [1m[36mbegin transaction[0m
  [1m[36mUser Exists (0.3ms)[0m  [1m[34mSELECT  1 AS one FROM "users" WHERE LOWER("users"."email") = LOWER(?) LIMIT ?[0m  [["email", "example-25@railstutorial.org"], ["LIMIT", 1]]
  [1m[35mSQL (0.3ms)[0m  [1m[32mINSERT INTO "users" ("first_name", "email", "activated", "created_at", "updated_at", "password_digest", "activation_digest", "activated_at") VALUES (?, ?, ?, ?, ?, ?, ?, ?)[0m  [["first_name", "Mrs. Stone Reichel"], ["email", "example-25@railstutorial.org"], ["activated", true], ["created_at", 2017-04-26 17:14:26 UTC], ["updated_at", 2017-04-26 17:14:26 UTC], ["password_digest", "$2a$10$FnAhMzUpyhn.ZggnLvoxouOxgz1uYa172Wuo1qjy7Wf46pPQd5TbK"], ["activation_digest", "$2a$10$A95x4rvLxDCcuV9M6qZ2P.YABEWgq1cXS5PLWNCUmbzAO6C2a3s8S"], ["activated_at", 2017-04-26 17:14:26 UTC]]
  [1m[35m (10.7ms)[0m  [1m[36mcommit transaction[0m
  [1m[35m (0.1ms)[0m  [1m[36mbegin transaction[0m
  [1m[36mUser Exists (0.2ms)[0m  [1m[34mSELECT  1 AS one FROM "users" WHERE LOWER("users"."email") = LOWER(?) LIMIT ?[0m  [["email", "example-26@railstutorial.org"], ["LIMIT", 1]]
  [1m[35mSQL (0.5ms)[0m  [1m[32mINSERT INTO "users" ("first_name", "email", "activated", "created_at", "updated_at", "password_digest", "activation_digest", "activated_at") VALUES (?, ?, ?, ?, ?, ?, ?, ?)[0m  [["first_name", "Reba Krajcik II"], ["email", "example-26@railstutorial.org"], ["activated", true], ["created_at", 2017-04-26 17:14:26 UTC], ["updated_at", 2017-04-26 17:14:26 UTC], ["password_digest", "$2a$10$bEa.5cxsK/5u.0SyQcfs/uY0Yiyw9t6kvhf83OFKTepCJsQUGHJcS"], ["activation_digest", "$2a$10$q7tGLz40wDJdBrgOIeTGWuOndljGFogClJy8hqtI/zRUhu/rRv6zq"], ["activated_at", 2017-04-26 17:14:26 UTC]]
  [1m[35m (27.7ms)[0m  [1m[36mcommit transaction[0m
  [1m[35m (0.1ms)[0m  [1m[36mbegin transaction[0m
  [1m[36mUser Exists (0.3ms)[0m  [1m[34mSELECT  1 AS one FROM "users" WHERE LOWER("users"."email") = LOWER(?) LIMIT ?[0m  [["email", "example-27@railstutorial.org"], ["LIMIT", 1]]
  [1m[35mSQL (0.3ms)[0m  [1m[32mINSERT INTO "users" ("first_name", "email", "activated", "created_at", "updated_at", "password_digest", "activation_digest", "activated_at") VALUES (?, ?, ?, ?, ?, ?, ?, ?)[0m  [["first_name", "Henriette Ritchie"], ["email", "example-27@railstutorial.org"], ["activated", true], ["created_at", 2017-04-26 17:14:27 UTC], ["updated_at", 2017-04-26 17:14:27 UTC], ["password_digest", "$2a$10$e0QFynrZixP7OL58r3daDukR9ZThnLR4juRi9o3syBCWmpjUv0ZXm"], ["activation_digest", "$2a$10$Wm/Vf0MOU0BvzkZu.MhoSuVC8X3XXt27bb4QVwdFz3t7e1BTpaB8a"], ["activated_at", 2017-04-26 17:14:27 UTC]]
  [1m[35m (13.1ms)[0m  [1m[36mcommit transaction[0m
  [1m[35m (0.1ms)[0m  [1m[36mbegin transaction[0m
  [1m[36mUser Exists (0.3ms)[0m  [1m[34mSELECT  1 AS one FROM "users" WHERE LOWER("users"."email") = LOWER(?) LIMIT ?[0m  [["email", "example-28@railstutorial.org"], ["LIMIT", 1]]
  [1m[35mSQL (0.5ms)[0m  [1m[32mINSERT INTO "users" ("first_name", "email", "activated", "created_at", "updated_at", "password_digest", "activation_digest", "activated_at") VALUES (?, ?, ?, ?, ?, ?, ?, ?)[0m  [["first_name", "Carter Becker"], ["email", "example-28@railstutorial.org"], ["activated", true], ["created_at", 2017-04-26 17:14:27 UTC], ["updated_at", 2017-04-26 17:14:27 UTC], ["password_digest", "$2a$10$CvNloUdtReR3gCliesrUb.tUPep3HzY6WnmfLFcxZRDnHB528z8Qi"], ["activation_digest", "$2a$10$MfLsvi2E.9SHZjEp0Gah7uuue2FE6NZefmf9.aBYDI4f4ZNRlOwxO"], ["activated_at", 2017-04-26 17:14:27 UTC]]
  [1m[35m (12.0ms)[0m  [1m[36mcommit transaction[0m
  [1m[35m (0.1ms)[0m  [1m[36mbegin transaction[0m
  [1m[36mUser Exists (0.3ms)[0m  [1m[34mSELECT  1 AS one FROM "users" WHERE LOWER("users"."email") = LOWER(?) LIMIT ?[0m  [["email", "example-29@railstutorial.org"], ["LIMIT", 1]]
  [1m[35mSQL (0.5ms)[0m  [1m[32mINSERT INTO "users" ("first_name", "email", "activated", "created_at", "updated_at", "password_digest", "activation_digest", "activated_at") VALUES (?, ?, ?, ?, ?, ?, ?, ?)[0m  [["first_name", "Mr. Damion Dare"], ["email", "example-29@railstutorial.org"], ["activated", true], ["created_at", 2017-04-26 17:14:27 UTC], ["updated_at", 2017-04-26 17:14:27 UTC], ["password_digest", "$2a$10$9jkQumceYhTPOBrk1CPXGO5X84Bobl2UuFsJ8dJ.92TC6pv1U7jy6"], ["activation_digest", "$2a$10$.ywIUOyfQGDKCX4Eok7ydeuRvqqz3Ybdxh3fueCwnyuPz9MpCBZR6"], ["activated_at", 2017-04-26 17:14:27 UTC]]
  [1m[35m (16.4ms)[0m  [1m[36mcommit transaction[0m
  [1m[35m (0.1ms)[0m  [1m[36mbegin transaction[0m
  [1m[36mUser Exists (0.3ms)[0m  [1m[34mSELECT  1 AS one FROM "users" WHERE LOWER("users"."email") = LOWER(?) LIMIT ?[0m  [["email", "example-30@railstutorial.org"], ["LIMIT", 1]]
  [1m[35mSQL (0.6ms)[0m  [1m[32mINSERT INTO "users" ("first_name", "email", "activated", "created_at", "updated_at", "password_digest", "activation_digest", "activated_at") VALUES (?, ?, ?, ?, ?, ?, ?, ?)[0m  [["first_name", "Eunice McKenzie"], ["email", "example-30@railstutorial.org"], ["activated", true], ["created_at", 2017-04-26 17:14:27 UTC], ["updated_at", 2017-04-26 17:14:27 UTC], ["password_digest", "$2a$10$x9F0FcfjGll5Tb8zVd8MIuoX9iQvXKyoEC/b2po3mlEDyS5H7WKrO"], ["activation_digest", "$2a$10$s5AL6z6kbY/DSAAABANOHesq9i5fUIWVGUpMlWOVh1Xfp38FyKWV6"], ["activated_at", 2017-04-26 17:14:27 UTC]]
  [1m[35m (20.9ms)[0m  [1m[36mcommit transaction[0m
  [1m[35m (0.2ms)[0m  [1m[36mbegin transaction[0m
  [1m[36mUser Exists (0.3ms)[0m  [1m[34mSELECT  1 AS one FROM "users" WHERE LOWER("users"."email") = LOWER(?) LIMIT ?[0m  [["email", "example-31@railstutorial.org"], ["LIMIT", 1]]
  [1m[35mSQL (0.5ms)[0m  [1m[32mINSERT INTO "users" ("first_name", "email", "activated", "created_at", "updated_at", "password_digest", "activation_digest", "activated_at") VALUES (?, ?, ?, ?, ?, ?, ?, ?)[0m  [["first_name", "Vivienne Runolfsson"], ["email", "example-31@railstutorial.org"], ["activated", true], ["created_at", 2017-04-26 17:14:28 UTC], ["updated_at", 2017-04-26 17:14:28 UTC], ["password_digest", "$2a$10$z/jKleryeS5uZHAtL6pXYO36/jTjJtV86orU0uylgpbfKwh2wuzNW"], ["activation_digest", "$2a$10$bq8Va7N0OX98gM7zpDngyO8U19e2E2.KIyb5cIg6sQQsJ2daRR9ya"], ["activated_at", 2017-04-26 17:14:28 UTC]]
  [1m[35m (9.1ms)[0m  [1m[36mcommit transaction[0m
  [1m[35m (0.1ms)[0m  [1m[36mbegin transaction[0m
  [1m[36mUser Exists (0.2ms)[0m  [1m[34mSELECT  1 AS one FROM "users" WHERE LOWER("users"."email") = LOWER(?) LIMIT ?[0m  [["email", "example-32@railstutorial.org"], ["LIMIT", 1]]
  [1m[35mSQL (0.3ms)[0m  [1m[32mINSERT INTO "users" ("first_name", "email", "activated", "created_at", "updated_at", "password_digest", "activation_digest", "activated_at") VALUES (?, ?, ?, ?, ?, ?, ?, ?)[0m  [["first_name", "Cedrick Borer"], ["email", "example-32@railstutorial.org"], ["activated", true], ["created_at", 2017-04-26 17:14:28 UTC], ["updated_at", 2017-04-26 17:14:28 UTC], ["password_digest", "$2a$10$oit5dsw385vyEm22IHdcuuv.nzsy3v/vwrI.oTMhyy8K73aaZ4NrC"], ["activation_digest", "$2a$10$XG6Ml58Js50cFYvLpL4vq.gMiI21vyIruURILlkN3/JgIqt21bUoq"], ["activated_at", 2017-04-26 17:14:28 UTC]]
  [1m[35m (18.8ms)[0m  [1m[36mcommit transaction[0m
  [1m[35m (0.2ms)[0m  [1m[36mbegin transaction[0m
  [1m[36mUser Exists (0.3ms)[0m  [1m[34mSELECT  1 AS one FROM "users" WHERE LOWER("users"."email") = LOWER(?) LIMIT ?[0m  [["email", "example-33@railstutorial.org"], ["LIMIT", 1]]
  [1m[35mSQL (0.5ms)[0m  [1m[32mINSERT INTO "users" ("first_name", "email", "activated", "created_at", "updated_at", "password_digest", "activation_digest", "activated_at") VALUES (?, ?, ?, ?, ?, ?, ?, ?)[0m  [["first_name", "Damon Pollich"], ["email", "example-33@railstutorial.org"], ["activated", true], ["created_at", 2017-04-26 17:14:28 UTC], ["updated_at", 2017-04-26 17:14:28 UTC], ["password_digest", "$2a$10$atm.lIPWSqUFSdQpvWDU1Oe.pNiasTpBHyBXn352ykb3GroZINsie"], ["activation_digest", "$2a$10$h004p8Yq8eaaqLOcseC/KuaK8JmCV6JkuHL7WLpccqkFd65BsLINC"], ["activated_at", 2017-04-26 17:14:28 UTC]]
  [1m[35m (15.3ms)[0m  [1m[36mcommit transaction[0m
  [1m[35m (0.1ms)[0m  [1m[36mbegin transaction[0m
  [1m[36mUser Exists (0.3ms)[0m  [1m[34mSELECT  1 AS one FROM "users" WHERE LOWER("users"."email") = LOWER(?) LIMIT ?[0m  [["email", "example-34@railstutorial.org"], ["LIMIT", 1]]
  [1m[35mSQL (0.4ms)[0m  [1m[32mINSERT INTO "users" ("first_name", "email", "activated", "created_at", "updated_at", "password_digest", "activation_digest", "activated_at") VALUES (?, ?, ?, ?, ?, ?, ?, ?)[0m  [["first_name", "Trisha Heaney"], ["email", "example-34@railstutorial.org"], ["activated", true], ["created_at", 2017-04-26 17:14:28 UTC], ["updated_at", 2017-04-26 17:14:28 UTC], ["password_digest", "$2a$10$kNgvTdKpD.LnwUuPNW2JqOalIaIdTULj/DlU8nZ7oUSd6KvNdJcVy"], ["activation_digest", "$2a$10$a7s3PTObKIkMlZO0E2tGiO9GaOtLPOtHNE/awRi.05/iYqROz14IK"], ["activated_at", 2017-04-26 17:14:28 UTC]]
  [1m[35m (14.4ms)[0m  [1m[36mcommit transaction[0m
  [1m[35m (0.2ms)[0m  [1m[36mbegin transaction[0m
  [1m[36mUser Exists (0.4ms)[0m  [1m[34mSELECT  1 AS one FROM "users" WHERE LOWER("users"."email") = LOWER(?) LIMIT ?[0m  [["email", "example-35@railstutorial.org"], ["LIMIT", 1]]
  [1m[35mSQL (0.4ms)[0m  [1m[32mINSERT INTO "users" ("first_name", "email", "activated", "created_at", "updated_at", "password_digest", "activation_digest", "activated_at") VALUES (?, ?, ?, ?, ?, ?, ?, ?)[0m  [["first_name", "Sheridan Hackett"], ["email", "example-35@railstutorial.org"], ["activated", true], ["created_at", 2017-04-26 17:14:29 UTC], ["updated_at", 2017-04-26 17:14:29 UTC], ["password_digest", "$2a$10$pqzb4wccNo/t.rvZd/eQa.bpAP1.TlD5YZPur9Rl6dha4YAa02wMO"], ["activation_digest", "$2a$10$ohVedZkyGkWkLbSzJ61k.OhdlryGWZ1FMfWxNp9Sgb52PSvHKpgny"], ["activated_at", 2017-04-26 17:14:29 UTC]]
  [1m[35m (10.1ms)[0m  [1m[36mcommit transaction[0m
  [1m[35m (0.3ms)[0m  [1m[36mbegin transaction[0m
  [1m[36mUser Exists (0.4ms)[0m  [1m[34mSELECT  1 AS one FROM "users" WHERE LOWER("users"."email") = LOWER(?) LIMIT ?[0m  [["email", "example-36@railstutorial.org"], ["LIMIT", 1]]
  [1m[35mSQL (0.5ms)[0m  [1m[32mINSERT INTO "users" ("first_name", "email", "activated", "created_at", "updated_at", "password_digest", "activation_digest", "activated_at") VALUES (?, ?, ?, ?, ?, ?, ?, ?)[0m  [["first_name", "Tomasa Barrows"], ["email", "example-36@railstutorial.org"], ["activated", true], ["created_at", 2017-04-26 17:14:29 UTC], ["updated_at", 2017-04-26 17:14:29 UTC], ["password_digest", "$2a$10$uDSiK.krvORt22U65oCEiuNAt.nxwysbbCEKCx/sbwxUIZB6wsZOm"], ["activation_digest", "$2a$10$fwY2BhgoXUF4TPC3FdNwhusOUvqBiUNGjbESF5cb5c4UbqkFIbhAi"], ["activated_at", 2017-04-26 17:14:29 UTC]]
  [1m[35m (14.8ms)[0m  [1m[36mcommit transaction[0m
  [1m[35m (0.2ms)[0m  [1m[36mbegin transaction[0m
  [1m[36mUser Exists (0.3ms)[0m  [1m[34mSELECT  1 AS one FROM "users" WHERE LOWER("users"."email") = LOWER(?) LIMIT ?[0m  [["email", "example-37@railstutorial.org"], ["LIMIT", 1]]
  [1m[35mSQL (0.4ms)[0m  [1m[32mINSERT INTO "users" ("first_name", "email", "activated", "created_at", "updated_at", "password_digest", "activation_digest", "activated_at") VALUES (?, ?, ?, ?, ?, ?, ?, ?)[0m  [["first_name", "Bernhard Fahey"], ["email", "example-37@railstutorial.org"], ["activated", true], ["created_at", 2017-04-26 17:14:29 UTC], ["updated_at", 2017-04-26 17:14:29 UTC], ["password_digest", "$2a$10$SLUowzow6shtYIcjAuSJj.Qb.pcxVEW/OXSDK9P6okDLYtZMhKUOq"], ["activation_digest", "$2a$10$X1S4aPE9G8oRINi8PhMUIuSwtxRzibkHA.6LA/vYnvcNKJcN6Bo92"], ["activated_at", 2017-04-26 17:14:29 UTC]]
  [1m[35m (11.9ms)[0m  [1m[36mcommit transaction[0m
  [1m[35m (0.1ms)[0m  [1m[36mbegin transaction[0m
  [1m[36mUser Exists (0.3ms)[0m  [1m[34mSELECT  1 AS one FROM "users" WHERE LOWER("users"."email") = LOWER(?) LIMIT ?[0m  [["email", "example-38@railstutorial.org"], ["LIMIT", 1]]
  [1m[35mSQL (0.5ms)[0m  [1m[32mINSERT INTO "users" ("first_name", "email", "activated", "created_at", "updated_at", "password_digest", "activation_digest", "activated_at") VALUES (?, ?, ?, ?, ?, ?, ?, ?)[0m  [["first_name", "Justina O'Conner"], ["email", "example-38@railstutorial.org"], ["activated", true], ["created_at", 2017-04-26 17:14:29 UTC], ["updated_at", 2017-04-26 17:14:29 UTC], ["password_digest", "$2a$10$TqR7BPhRKWbSufwmCzaIyuRaZhXN4knNJVqIXG8mHhqI2YawU5kPO"], ["activation_digest", "$2a$10$CzvGnM47Fud.NEV1msOQQuLMTYN6wi0ANM/xmXN2H/fBtKcW1iJI."], ["activated_at", 2017-04-26 17:14:29 UTC]]
  [1m[35m (11.8ms)[0m  [1m[36mcommit transaction[0m
  [1m[35m (0.2ms)[0m  [1m[36mbegin transaction[0m
  [1m[36mUser Exists (0.3ms)[0m  [1m[34mSELECT  1 AS one FROM "users" WHERE LOWER("users"."email") = LOWER(?) LIMIT ?[0m  [["email", "example-39@railstutorial.org"], ["LIMIT", 1]]
  [1m[35mSQL (0.4ms)[0m  [1m[32mINSERT INTO "users" ("first_name", "email", "activated", "created_at", "updated_at", "password_digest", "activation_digest", "activated_at") VALUES (?, ?, ?, ?, ?, ?, ?, ?)[0m  [["first_name", "Miss Bailee Gleason"], ["email", "example-39@railstutorial.org"], ["activated", true], ["created_at", 2017-04-26 17:14:30 UTC], ["updated_at", 2017-04-26 17:14:30 UTC], ["password_digest", "$2a$10$4dSCGNp5xUap0hgSOKD58OXCn6UPy6IcPzsnuDbeAxecVWCY7RPvy"], ["activation_digest", "$2a$10$qHwMv37t555yCkO2xHf96.j4u3SOY.azyhtea0QrrLU7kvSdor.EK"], ["activated_at", 2017-04-26 17:14:30 UTC]]
  [1m[35m (11.2ms)[0m  [1m[36mcommit transaction[0m
  [1m[35m (0.2ms)[0m  [1m[36mbegin transaction[0m
  [1m[36mUser Exists (0.3ms)[0m  [1m[34mSELECT  1 AS one FROM "users" WHERE LOWER("users"."email") = LOWER(?) LIMIT ?[0m  [["email", "example-40@railstutorial.org"], ["LIMIT", 1]]
  [1m[35mSQL (0.5ms)[0m  [1m[32mINSERT INTO "users" ("first_name", "email", "activated", "created_at", "updated_at", "password_digest", "activation_digest", "activated_at") VALUES (?, ?, ?, ?, ?, ?, ?, ?)[0m  [["first_name", "Jacey Conroy III"], ["email", "example-40@railstutorial.org"], ["activated", true], ["created_at", 2017-04-26 17:14:30 UTC], ["updated_at", 2017-04-26 17:14:30 UTC], ["password_digest", "$2a$10$QUIDwSBJYTnI0c72l9y0XewgQ6QPX.bmwgrXoUWwS2Ed3jyvlweCi"], ["activation_digest", "$2a$10$m6RMmM68i/o3R7v2voVJ.uuO5fFpQevYUIDfeXOAzYownP.V14AAO"], ["activated_at", 2017-04-26 17:14:30 UTC]]
  [1m[35m (11.3ms)[0m  [1m[36mcommit transaction[0m
  [1m[35m (0.1ms)[0m  [1m[36mbegin transaction[0m
  [1m[36mUser Exists (0.3ms)[0m  [1m[34mSELECT  1 AS one FROM "users" WHERE LOWER("users"."email") = LOWER(?) LIMIT ?[0m  [["email", "example-41@railstutorial.org"], ["LIMIT", 1]]
  [1m[35mSQL (0.4ms)[0m  [1m[32mINSERT INTO "users" ("first_name", "email", "activated", "created_at", "updated_at", "password_digest", "activation_digest", "activated_at") VALUES (?, ?, ?, ?, ?, ?, ?, ?)[0m  [["first_name", "Skylar Stoltenberg DDS"], ["email", "example-41@railstutorial.org"], ["activated", true], ["created_at", 2017-04-26 17:14:30 UTC], ["updated_at", 2017-04-26 17:14:30 UTC], ["password_digest", "$2a$10$.REWeOc5gPI76u8HX0FpM.s1zcH47cE7OQV/t4KKRe3gWPi8umN9a"], ["activation_digest", "$2a$10$lUdNCGzCooLERHOagcKGBekn1hNZpERm.pdzZTcCDYw1EOJiniY8q"], ["activated_at", 2017-04-26 17:14:30 UTC]]
  [1m[35m (24.2ms)[0m  [1m[36mcommit transaction[0m
  [1m[35m (0.1ms)[0m  [1m[36mbegin transaction[0m
  [1m[36mUser Exists (0.3ms)[0m  [1m[34mSELECT  1 AS one FROM "users" WHERE LOWER("users"."email") = LOWER(?) LIMIT ?[0m  [["email", "example-42@railstutorial.org"], ["LIMIT", 1]]
  [1m[35mSQL (0.4ms)[0m  [1m[32mINSERT INTO "users" ("first_name", "email", "activated", "created_at", "updated_at", "password_digest", "activation_digest", "activated_at") VALUES (?, ?, ?, ?, ?, ?, ?, ?)[0m  [["first_name", "Mae Murazik"], ["email", "example-42@railstutorial.org"], ["activated", true], ["created_at", 2017-04-26 17:14:30 UTC], ["updated_at", 2017-04-26 17:14:30 UTC], ["password_digest", "$2a$10$UKNMWavwUADTETtFxlC07OEhYGskIsbso/mXLzHgtfVUys7uA5s.2"], ["activation_digest", "$2a$10$K.89jb8Lg7AuhOMy6JPIXunNu4S3a9jOJjU2685VMe73X.GbssUYC"], ["activated_at", 2017-04-26 17:14:30 UTC]]
  [1m[35m (10.2ms)[0m  [1m[36mcommit transaction[0m
  [1m[35m (0.1ms)[0m  [1m[36mbegin transaction[0m
  [1m[36mUser Exists (0.3ms)[0m  [1m[34mSELECT  1 AS one FROM "users" WHERE LOWER("users"."email") = LOWER(?) LIMIT ?[0m  [["email", "example-43@railstutorial.org"], ["LIMIT", 1]]
  [1m[35mSQL (0.5ms)[0m  [1m[32mINSERT INTO "users" ("first_name", "email", "activated", "created_at", "updated_at", "password_digest", "activation_digest", "activated_at") VALUES (?, ?, ?, ?, ?, ?, ?, ?)[0m  [["first_name", "Mrs. Cory Hartmann"], ["email", "example-43@railstutorial.org"], ["activated", true], ["created_at", 2017-04-26 17:14:31 UTC], ["updated_at", 2017-04-26 17:14:31 UTC], ["password_digest", "$2a$10$//ZrE062RIQTy.BYUxWZV.OY6/JBR55vapc0Ksd.RRWUMCS8zsDtO"], ["activation_digest", "$2a$10$R6Gp4cLNmopDvysGRypUPe8bfJ/dzU8DASws.NvyQukE7PY78Jh9C"], ["activated_at", 2017-04-26 17:14:31 UTC]]
  [1m[35m (13.6ms)[0m  [1m[36mcommit transaction[0m
  [1m[35m (0.2ms)[0m  [1m[36mbegin transaction[0m
  [1m[36mUser Exists (0.2ms)[0m  [1m[34mSELECT  1 AS one FROM "users" WHERE LOWER("users"."email") = LOWER(?) LIMIT ?[0m  [["email", "example-44@railstutorial.org"], ["LIMIT", 1]]
  [1m[35mSQL (0.3ms)[0m  [1m[32mINSERT INTO "users" ("first_name", "email", "activated", "created_at", "updated_at", "password_digest", "activation_digest", "activated_at") VALUES (?, ?, ?, ?, ?, ?, ?, ?)[0m  [["first_name", "Mr. Alverta Doyle"], ["email", "example-44@railstutorial.org"], ["activated", true], ["created_at", 2017-04-26 17:14:31 UTC], ["updated_at", 2017-04-26 17:14:31 UTC], ["password_digest", "$2a$10$lVDAleWOvTVLQmPG3UgSueDH/51MOw5Ndwod5BIRZ8TIcOjvCM34K"], ["activation_digest", "$2a$10$MQbYaEYqQLVTXIA1G/sT9.yp40YcaBYyFpwFEKtm2p8c0Illu26zy"], ["activated_at", 2017-04-26 17:14:31 UTC]]
  [1m[35m (12.8ms)[0m  [1m[36mcommit transaction[0m
  [1m[35m (0.1ms)[0m  [1m[36mbegin transaction[0m
  [1m[36mUser Exists (0.3ms)[0m  [1m[34mSELECT  1 AS one FROM "users" WHERE LOWER("users"."email") = LOWER(?) LIMIT ?[0m  [["email", "example-45@railstutorial.org"], ["LIMIT", 1]]
  [1m[35mSQL (0.4ms)[0m  [1m[32mINSERT INTO "users" ("first_name", "email", "activated", "created_at", "updated_at", "password_digest", "activation_digest", "activated_at") VALUES (?, ?, ?, ?, ?, ?, ?, ?)[0m  [["first_name", "Anderson Cruickshank"], ["email", "example-45@railstutorial.org"], ["activated", true], ["created_at", 2017-04-26 17:14:31 UTC], ["updated_at", 2017-04-26 17:14:31 UTC], ["password_digest", "$2a$10$6FgvG/yES.urK.QkdbGLLeuQyWO2WNN5oWXq.UcrIuow6tVh9Xc.q"], ["activation_digest", "$2a$10$vfcAEePB4SsCvqj3TR0ONukdxw40U46hw3OLu0sDwyWWPD7WfUuuy"], ["activated_at", 2017-04-26 17:14:31 UTC]]
  [1m[35m (12.6ms)[0m  [1m[36mcommit transaction[0m
  [1m[35m (0.1ms)[0m  [1m[36mbegin transaction[0m
  [1m[36mUser Exists (0.3ms)[0m  [1m[34mSELECT  1 AS one FROM "users" WHERE LOWER("users"."email") = LOWER(?) LIMIT ?[0m  [["email", "example-46@railstutorial.org"], ["LIMIT", 1]]
  [1m[35mSQL (0.3ms)[0m  [1m[32mINSERT INTO "users" ("first_name", "email", "activated", "created_at", "updated_at", "password_digest", "activation_digest", "activated_at") VALUES (?, ?, ?, ?, ?, ?, ?, ?)[0m  [["first_name", "Barbara Mills III"], ["email", "example-46@railstutorial.org"], ["activated", true], ["created_at", 2017-04-26 17:14:31 UTC], ["updated_at", 2017-04-26 17:14:31 UTC], ["password_digest", "$2a$10$BsdZYo2qmcUPEQ4qRhkS7OwalGI/5b/MQBL.5j2TDtsNxAzXXGv5u"], ["activation_digest", "$2a$10$cPWK0kuqok4Pg/u3anfeiOE4rNPBSUv0LfRGpaC5vBTBZqm8NG0U."], ["activated_at", 2017-04-26 17:14:31 UTC]]
  [1m[35m (10.6ms)[0m  [1m[36mcommit transaction[0m
  [1m[35m (0.1ms)[0m  [1m[36mbegin transaction[0m
  [1m[36mUser Exists (0.3ms)[0m  [1m[34mSELECT  1 AS one FROM "users" WHERE LOWER("users"."email") = LOWER(?) LIMIT ?[0m  [["email", "example-47@railstutorial.org"], ["LIMIT", 1]]
  [1m[35mSQL (0.5ms)[0m  [1m[32mINSERT INTO "users" ("first_name", "email", "activated", "created_at", "updated_at", "password_digest", "activation_digest", "activated_at") VALUES (?, ?, ?, ?, ?, ?, ?, ?)[0m  [["first_name", "Jaylen Leffler"], ["email", "example-47@railstutorial.org"], ["activated", true], ["created_at", 2017-04-26 17:14:32 UTC], ["updated_at", 2017-04-26 17:14:32 UTC], ["password_digest", "$2a$10$.ZpDGa8HleydtHHQRu3JuOXFy2S1NGOC4OGN69wE.ckJSkFa4VtIS"], ["activation_digest", "$2a$10$eXtqNe1MgBeGyb7Seoq97ebHxJjq.R23DFpiK54iPJlCc.L6oRl12"], ["activated_at", 2017-04-26 17:14:31 UTC]]
  [1m[35m (14.1ms)[0m  [1m[36mcommit transaction[0m
  [1m[35m (0.1ms)[0m  [1m[36mbegin transaction[0m
  [1m[36mUser Exists (0.2ms)[0m  [1m[34mSELECT  1 AS one FROM "users" WHERE LOWER("users"."email") = LOWER(?) LIMIT ?[0m  [["email", "example-48@railstutorial.org"], ["LIMIT", 1]]
  [1m[35mSQL (0.4ms)[0m  [1m[32mINSERT INTO "users" ("first_name", "email", "activated", "created_at", "updated_at", "password_digest", "activation_digest", "activated_at") VALUES (?, ?, ?, ?, ?, ?, ?, ?)[0m  [["first_name", "Casper Schinner"], ["email", "example-48@railstutorial.org"], ["activated", true], ["created_at", 2017-04-26 17:14:32 UTC], ["updated_at", 2017-04-26 17:14:32 UTC], ["password_digest", "$2a$10$tDDRGxsvdoB8Nw2B9RzfgeophRV.bvPx80eV5Bv0.FBj4nO8ggaqm"], ["activation_digest", "$2a$10$0PvFPbt3jBKdb9shKBtweuWkHbwejuNEvWeoPK55s1i8eac3Lh5li"], ["activated_at", 2017-04-26 17:14:32 UTC]]
  [1m[35m (11.0ms)[0m  [1m[36mcommit transaction[0m
  [1m[35m (0.1ms)[0m  [1m[36mbegin transaction[0m
  [1m[36mUser Exists (0.2ms)[0m  [1m[34mSELECT  1 AS one FROM "users" WHERE LOWER("users"."email") = LOWER(?) LIMIT ?[0m  [["email", "example-49@railstutorial.org"], ["LIMIT", 1]]
  [1m[35mSQL (0.4ms)[0m  [1m[32mINSERT INTO "users" ("first_name", "email", "activated", "created_at", "updated_at", "password_digest", "activation_digest", "activated_at") VALUES (?, ?, ?, ?, ?, ?, ?, ?)[0m  [["first_name", "Diana Bednar"], ["email", "example-49@railstutorial.org"], ["activated", true], ["created_at", 2017-04-26 17:14:32 UTC], ["updated_at", 2017-04-26 17:14:32 UTC], ["password_digest", "$2a$10$emSoQvv8SNL2jL90RQwILOB2NF3rXorrV5XShM6O123PQVAuK6LAu"], ["activation_digest", "$2a$10$ANwYtqpQu34W5hCf8B9POOQ60o8ItbW5lPk80u3dL0f0eaQTibjnq"], ["activated_at", 2017-04-26 17:14:32 UTC]]
  [1m[35m (10.4ms)[0m  [1m[36mcommit transaction[0m
  [1m[35m (0.1ms)[0m  [1m[36mbegin transaction[0m
  [1m[36mUser Exists (0.2ms)[0m  [1m[34mSELECT  1 AS one FROM "users" WHERE LOWER("users"."email") = LOWER(?) LIMIT ?[0m  [["email", "example-50@railstutorial.org"], ["LIMIT", 1]]
  [1m[35mSQL (0.5ms)[0m  [1m[32mINSERT INTO "users" ("first_name", "email", "activated", "created_at", "updated_at", "password_digest", "activation_digest", "activated_at") VALUES (?, ?, ?, ?, ?, ?, ?, ?)[0m  [["first_name", "Nya Block III"], ["email", "example-50@railstutorial.org"], ["activated", true], ["created_at", 2017-04-26 17:14:32 UTC], ["updated_at", 2017-04-26 17:14:32 UTC], ["password_digest", "$2a$10$8ngZ8flEPQ/kgNbNd5JFgeWrs.3ZmBV9vJvdwXUHg7GoayOzt6Nty"], ["activation_digest", "$2a$10$iX2yC5f1B8QvGYhHi7jK8ODwPVekc5c62KETtiud8NfIPgo6KIgdu"], ["activated_at", 2017-04-26 17:14:32 UTC]]
  [1m[35m (10.1ms)[0m  [1m[36mcommit transaction[0m
  [1m[35m (0.1ms)[0m  [1m[36mbegin transaction[0m
  [1m[36mUser Exists (0.2ms)[0m  [1m[34mSELECT  1 AS one FROM "users" WHERE LOWER("users"."email") = LOWER(?) LIMIT ?[0m  [["email", "example-51@railstutorial.org"], ["LIMIT", 1]]
  [1m[35mSQL (0.4ms)[0m  [1m[32mINSERT INTO "users" ("first_name", "email", "activated", "created_at", "updated_at", "password_digest", "activation_digest", "activated_at") VALUES (?, ?, ?, ?, ?, ?, ?, ?)[0m  [["first_name", "Katlynn Volkman MD"], ["email", "example-51@railstutorial.org"], ["activated", true], ["created_at", 2017-04-26 17:14:32 UTC], ["updated_at", 2017-04-26 17:14:32 UTC], ["password_digest", "$2a$10$1KYQFi98h0aj7SeKCHaRnOsavO.w/Lwh9dHpdavH3lQnfvMu5UNHW"], ["activation_digest", "$2a$10$JKZD3mCB.2Bg9OW/dBPoYu/KdE7c3DqubAh0wdhpSqUHPpLQJ2X7i"], ["activated_at", 2017-04-26 17:14:32 UTC]]
  [1m[35m (10.3ms)[0m  [1m[36mcommit transaction[0m
  [1m[35m (0.2ms)[0m  [1m[36mbegin transaction[0m
  [1m[36mUser Exists (0.3ms)[0m  [1m[34mSELECT  1 AS one FROM "users" WHERE LOWER("users"."email") = LOWER(?) LIMIT ?[0m  [["email", "example-52@railstutorial.org"], ["LIMIT", 1]]
  [1m[35mSQL (0.4ms)[0m  [1m[32mINSERT INTO "users" ("first_name", "email", "activated", "created_at", "updated_at", "password_digest", "activation_digest", "activated_at") VALUES (?, ?, ?, ?, ?, ?, ?, ?)[0m  [["first_name", "Talia Bosco"], ["email", "example-52@railstutorial.org"], ["activated", true], ["created_at", 2017-04-26 17:14:33 UTC], ["updated_at", 2017-04-26 17:14:33 UTC], ["password_digest", "$2a$10$e0KTXpqlKn8gKGsxHjM.7u0wbBKHcxUXnDcsPxbJ64GPYyg3b2eHm"], ["activation_digest", "$2a$10$6zSNvJSGiUjcFRH3/p8GUukEBZNY.Cfl5FPag34JxUHU3HoyoBGBC"], ["activated_at", 2017-04-26 17:14:33 UTC]]
  [1m[35m (13.3ms)[0m  [1m[36mcommit transaction[0m
  [1m[35m (0.1ms)[0m  [1m[36mbegin transaction[0m
  [1m[36mUser Exists (0.2ms)[0m  [1m[34mSELECT  1 AS one FROM "users" WHERE LOWER("users"."email") = LOWER(?) LIMIT ?[0m  [["email", "example-53@railstutorial.org"], ["LIMIT", 1]]
  [1m[35mSQL (0.4ms)[0m  [1m[32mINSERT INTO "users" ("first_name", "email", "activated", "created_at", "updated_at", "password_digest", "activation_digest", "activated_at") VALUES (?, ?, ?, ?, ?, ?, ?, ?)[0m  [["first_name", "Priscilla O'Conner DDS"], ["email", "example-53@railstutorial.org"], ["activated", true], ["created_at", 2017-04-26 17:14:33 UTC], ["updated_at", 2017-04-26 17:14:33 UTC], ["password_digest", "$2a$10$TQNTYRtz14M7LlBWAAAfd.6tkl3B1pFbljYz3szhhwj9GY25CgC8C"], ["activation_digest", "$2a$10$YsGnJ3Q9ii7L10Lo9TvkT.iOEmkyURdr9w8EwBw6KLUfS2dcs7USC"], ["activated_at", 2017-04-26 17:14:33 UTC]]
  [1m[35m (8.2ms)[0m  [1m[36mcommit transaction[0m
  [1m[35m (0.1ms)[0m  [1m[36mbegin transaction[0m
  [1m[36mUser Exists (0.3ms)[0m  [1m[34mSELECT  1 AS one FROM "users" WHERE LOWER("users"."email") = LOWER(?) LIMIT ?[0m  [["email", "example-54@railstutorial.org"], ["LIMIT", 1]]
  [1m[35mSQL (0.4ms)[0m  [1m[32mINSERT INTO "users" ("first_name", "email", "activated", "created_at", "updated_at", "password_digest", "activation_digest", "activated_at") VALUES (?, ?, ?, ?, ?, ?, ?, ?)[0m  [["first_name", "Ms. Sammy Glover"], ["email", "example-54@railstutorial.org"], ["activated", true], ["created_at", 2017-04-26 17:14:33 UTC], ["updated_at", 2017-04-26 17:14:33 UTC], ["password_digest", "$2a$10$Gn/V.v63UHbLX6B2oEev1eMRmBGU8trA1i3VW1o7ntm1t4GJLKYxu"], ["activation_digest", "$2a$10$zrVosDx4kjT14sctm0/bKOCOgnD5xoeaO4UVbxYDW6qgdTSFiFz.y"], ["activated_at", 2017-04-26 17:14:33 UTC]]
  [1m[35m (10.0ms)[0m  [1m[36mcommit transaction[0m
  [1m[35m (0.1ms)[0m  [1m[36mbegin transaction[0m
  [1m[36mUser Exists (0.4ms)[0m  [1m[34mSELECT  1 AS one FROM "users" WHERE LOWER("users"."email") = LOWER(?) LIMIT ?[0m  [["email", "example-55@railstutorial.org"], ["LIMIT", 1]]
  [1m[35mSQL (0.4ms)[0m  [1m[32mINSERT INTO "users" ("first_name", "email", "activated", "created_at", "updated_at", "password_digest", "activation_digest", "activated_at") VALUES (?, ?, ?, ?, ?, ?, ?, ?)[0m  [["first_name", "Deven Mills"], ["email", "example-55@railstutorial.org"], ["activated", true], ["created_at", 2017-04-26 17:14:33 UTC], ["updated_at", 2017-04-26 17:14:33 UTC], ["password_digest", "$2a$10$BG353JOOoqQEmkJvccxlHulkiJx9/GeiPvE1xcaTZWVi.EpVQPDau"], ["activation_digest", "$2a$10$bRkiPrllpgO9bnSY2sOmY.VmOXanOae.4uwykonoKVjaYak90h2om"], ["activated_at", 2017-04-26 17:14:33 UTC]]
  [1m[35m (12.7ms)[0m  [1m[36mcommit transaction[0m
  [1m[35m (0.2ms)[0m  [1m[36mbegin transaction[0m
  [1m[36mUser Exists (0.3ms)[0m  [1m[34mSELECT  1 AS one FROM "users" WHERE LOWER("users"."email") = LOWER(?) LIMIT ?[0m  [["email", "example-56@railstutorial.org"], ["LIMIT", 1]]
  [1m[35mSQL (0.4ms)[0m  [1m[32mINSERT INTO "users" ("first_name", "email", "activated", "created_at", "updated_at", "password_digest", "activation_digest", "activated_at") VALUES (?, ?, ?, ?, ?, ?, ?, ?)[0m  [["first_name", "Elenor Prosacco"], ["email", "example-56@railstutorial.org"], ["activated", true], ["created_at", 2017-04-26 17:14:34 UTC], ["updated_at", 2017-04-26 17:14:34 UTC], ["password_digest", "$2a$10$5SNUTg1YQXLwKwoicjF1D.Bg/dQlUjF1bi.qhS1c2lPAVwaN1K5FW"], ["activation_digest", "$2a$10$sW.86RUSWNSW4bgx9ACfP.Fru4yEvWz3bG81nwJ6KmcHna62qdY5."], ["activated_at", 2017-04-26 17:14:34 UTC]]
  [1m[35m (13.0ms)[0m  [1m[36mcommit transaction[0m
  [1m[35m (0.2ms)[0m  [1m[36mbegin transaction[0m
  [1m[36mUser Exists (0.4ms)[0m  [1m[34mSELECT  1 AS one FROM "users" WHERE LOWER("users"."email") = LOWER(?) LIMIT ?[0m  [["email", "example-57@railstutorial.org"], ["LIMIT", 1]]
  [1m[35mSQL (0.5ms)[0m  [1m[32mINSERT INTO "users" ("first_name", "email", "activated", "created_at", "updated_at", "password_digest", "activation_digest", "activated_at") VALUES (?, ?, ?, ?, ?, ?, ?, ?)[0m  [["first_name", "Bethany Cruickshank"], ["email", "example-57@railstutorial.org"], ["activated", true], ["created_at", 2017-04-26 17:14:34 UTC], ["updated_at", 2017-04-26 17:14:34 UTC], ["password_digest", "$2a$10$lkMH1EiCDFbAzUQYSOqGce0MdJt4WZVM/gVd9IlZa7htVRPNVaq.a"], ["activation_digest", "$2a$10$wA3gVg2G.P9yvltxsz6okuU7KTJya4DhfvfvBWLlg7rlkondJtf1K"], ["activated_at", 2017-04-26 17:14:34 UTC]]
  [1m[35m (11.8ms)[0m  [1m[36mcommit transaction[0m
  [1m[35m (0.1ms)[0m  [1m[36mbegin transaction[0m
  [1m[36mUser Exists (0.3ms)[0m  [1m[34mSELECT  1 AS one FROM "users" WHERE LOWER("users"."email") = LOWER(?) LIMIT ?[0m  [["email", "example-58@railstutorial.org"], ["LIMIT", 1]]
  [1m[35mSQL (0.4ms)[0m  [1m[32mINSERT INTO "users" ("first_name", "email", "activated", "created_at", "updated_at", "password_digest", "activation_digest", "activated_at") VALUES (?, ?, ?, ?, ?, ?, ?, ?)[0m  [["first_name", "Hettie Schoen"], ["email", "example-58@railstutorial.org"], ["activated", true], ["created_at", 2017-04-26 17:14:34 UTC], ["updated_at", 2017-04-26 17:14:34 UTC], ["password_digest", "$2a$10$BMnxC29sEHrCIbvVWvkEK.nHQJUR3BX.oyNanX2toWM4SHDEzMK2e"], ["activation_digest", "$2a$10$UpU8INyHSMYoIQE5brHEKOA6K1ZB6r5eoIKgk5X/quvrlnsO9cqCq"], ["activated_at", 2017-04-26 17:14:34 UTC]]
  [1m[35m (12.6ms)[0m  [1m[36mcommit transaction[0m
  [1m[35m (0.1ms)[0m  [1m[36mbegin transaction[0m
  [1m[36mUser Exists (0.3ms)[0m  [1m[34mSELECT  1 AS one FROM "users" WHERE LOWER("users"."email") = LOWER(?) LIMIT ?[0m  [["email", "example-59@railstutorial.org"], ["LIMIT", 1]]
  [1m[35mSQL (0.4ms)[0m  [1m[32mINSERT INTO "users" ("first_name", "email", "activated", "created_at", "updated_at", "password_digest", "activation_digest", "activated_at") VALUES (?, ?, ?, ?, ?, ?, ?, ?)[0m  [["first_name", "Roosevelt Dicki V"], ["email", "example-59@railstutorial.org"], ["activated", true], ["created_at", 2017-04-26 17:14:34 UTC], ["updated_at", 2017-04-26 17:14:34 UTC], ["password_digest", "$2a$10$rhRH0TVRy7Lmsqaqy8yL4O1MpZkisDdrhe44LxoBW48F6b9RrGKZG"], ["activation_digest", "$2a$10$rUFTuxa.6XAcHgBU0oI/LuC2ZWMRiXvMSc3EA5yaj4hVyHT/EZ7j."], ["activated_at", 2017-04-26 17:14:34 UTC]]
  [1m[35m (14.2ms)[0m  [1m[36mcommit transaction[0m
  [1m[35m (0.1ms)[0m  [1m[36mbegin transaction[0m
  [1m[36mUser Exists (0.2ms)[0m  [1m[34mSELECT  1 AS one FROM "users" WHERE LOWER("users"."email") = LOWER(?) LIMIT ?[0m  [["email", "example-60@railstutorial.org"], ["LIMIT", 1]]
  [1m[35mSQL (0.4ms)[0m  [1m[32mINSERT INTO "users" ("first_name", "email", "activated", "created_at", "updated_at", "password_digest", "activation_digest", "activated_at") VALUES (?, ?, ?, ?, ?, ?, ?, ?)[0m  [["first_name", "Martine Gerlach"], ["email", "example-60@railstutorial.org"], ["activated", true], ["created_at", 2017-04-26 17:14:35 UTC], ["updated_at", 2017-04-26 17:14:35 UTC], ["password_digest", "$2a$10$v1iz.WlLYFzJ9DJKI5yq5ODCHka72zyE7ZkGNvdPrWY4TLnanGh1y"], ["activation_digest", "$2a$10$a2OLlKFn4Tu/Mjk8NTYhtOahgEag1hYKBjGa0xXS6kcH1P2jCc7Xy"], ["activated_at", 2017-04-26 17:14:35 UTC]]
  [1m[35m (11.1ms)[0m  [1m[36mcommit transaction[0m
  [1m[35m (0.2ms)[0m  [1m[36mbegin transaction[0m
  [1m[36mUser Exists (0.4ms)[0m  [1m[34mSELECT  1 AS one FROM "users" WHERE LOWER("users"."email") = LOWER(?) LIMIT ?[0m  [["email", "example-61@railstutorial.org"], ["LIMIT", 1]]
  [1m[35mSQL (0.4ms)[0m  [1m[32mINSERT INTO "users" ("first_name", "email", "activated", "created_at", "updated_at", "password_digest", "activation_digest", "activated_at") VALUES (?, ?, ?, ?, ?, ?, ?, ?)[0m  [["first_name", "Mr. Yolanda Gutmann"], ["email", "example-61@railstutorial.org"], ["activated", true], ["created_at", 2017-04-26 17:14:35 UTC], ["updated_at", 2017-04-26 17:14:35 UTC], ["password_digest", "$2a$10$139u7UfMx3kI8VT2EGcFsuAqzBCyQKhi4u8TynbesQ56N4uZt3KQi"], ["activation_digest", "$2a$10$KjJ9oeHOc8WmRGTJCdU/puOkj3mk1KbVzdTjHS72ry7eEKHBbThW6"], ["activated_at", 2017-04-26 17:14:35 UTC]]
  [1m[35m (12.1ms)[0m  [1m[36mcommit transaction[0m
  [1m[35m (0.1ms)[0m  [1m[36mbegin transaction[0m
  [1m[36mUser Exists (0.3ms)[0m  [1m[34mSELECT  1 AS one FROM "users" WHERE LOWER("users"."email") = LOWER(?) LIMIT ?[0m  [["email", "example-62@railstutorial.org"], ["LIMIT", 1]]
  [1m[35mSQL (0.4ms)[0m  [1m[32mINSERT INTO "users" ("first_name", "email", "activated", "created_at", "updated_at", "password_digest", "activation_digest", "activated_at") VALUES (?, ?, ?, ?, ?, ?, ?, ?)[0m  [["first_name", "Trace Mosciski"], ["email", "example-62@railstutorial.org"], ["activated", true], ["created_at", 2017-04-26 17:14:35 UTC], ["updated_at", 2017-04-26 17:14:35 UTC], ["password_digest", "$2a$10$BUHfvo.jdvJEt6sWXyqu/edCqxH1BgFVPRyDS2eNd.QYuqBjvfP2a"], ["activation_digest", "$2a$10$n0u1Q/kHz/Fcb58DS5up9.Kpas1ZnpJZYspqCie6k4UaSt9AAaizu"], ["activated_at", 2017-04-26 17:14:35 UTC]]
  [1m[35m (11.1ms)[0m  [1m[36mcommit transaction[0m
  [1m[35m (0.1ms)[0m  [1m[36mbegin transaction[0m
  [1m[36mUser Exists (0.2ms)[0m  [1m[34mSELECT  1 AS one FROM "users" WHERE LOWER("users"."email") = LOWER(?) LIMIT ?[0m  [["email", "example-63@railstutorial.org"], ["LIMIT", 1]]
  [1m[35mSQL (0.4ms)[0m  [1m[32mINSERT INTO "users" ("first_name", "email", "activated", "created_at", "updated_at", "password_digest", "activation_digest", "activated_at") VALUES (?, ?, ?, ?, ?, ?, ?, ?)[0m  [["first_name", "William Nitzsche"], ["email", "example-63@railstutorial.org"], ["activated", true], ["created_at", 2017-04-26 17:14:35 UTC], ["updated_at", 2017-04-26 17:14:35 UTC], ["password_digest", "$2a$10$OOA68PqyUvv3Dcva9oT16.IGmsnh8aZVqY5HsBQnww8ZVARsW5eM."], ["activation_digest", "$2a$10$lkLdCrt98e3MTBG/kLn.YOqKwf7Bt6dxp6m14kZiKIGORnb6mYag2"], ["activated_at", 2017-04-26 17:14:35 UTC]]
  [1m[35m (12.0ms)[0m  [1m[36mcommit transaction[0m
  [1m[35m (0.2ms)[0m  [1m[36mbegin transaction[0m
  [1m[36mUser Exists (0.4ms)[0m  [1m[34mSELECT  1 AS one FROM "users" WHERE LOWER("users"."email") = LOWER(?) LIMIT ?[0m  [["email", "example-64@railstutorial.org"], ["LIMIT", 1]]
  [1m[35mSQL (0.4ms)[0m  [1m[32mINSERT INTO "users" ("first_name", "email", "activated", "created_at", "updated_at", "password_digest", "activation_digest", "activated_at") VALUES (?, ?, ?, ?, ?, ?, ?, ?)[0m  [["first_name", "Austen Runolfsdottir II"], ["email", "example-64@railstutorial.org"], ["activated", true], ["created_at", 2017-04-26 17:14:36 UTC], ["updated_at", 2017-04-26 17:14:36 UTC], ["password_digest", "$2a$10$o7Y2HhpFYx1xnz6kpowGQeEkKa1AzxdIGhWqhR3yon01m8pG0G/0y"], ["activation_digest", "$2a$10$VOspuK7gG8Xld9BUDerZr.teU5/H5YQMjfzWaHgWFaeUpDCckN8gW"], ["activated_at", 2017-04-26 17:14:36 UTC]]
  [1m[35m (10.4ms)[0m  [1m[36mcommit transaction[0m
  [1m[35m (0.1ms)[0m  [1m[36mbegin transaction[0m
  [1m[36mUser Exists (0.3ms)[0m  [1m[34mSELECT  1 AS one FROM "users" WHERE LOWER("users"."email") = LOWER(?) LIMIT ?[0m  [["email", "example-65@railstutorial.org"], ["LIMIT", 1]]
  [1m[35mSQL (0.5ms)[0m  [1m[32mINSERT INTO "users" ("first_name", "email", "activated", "created_at", "updated_at", "password_digest", "activation_digest", "activated_at") VALUES (?, ?, ?, ?, ?, ?, ?, ?)[0m  [["first_name", "Emelie DuBuque II"], ["email", "example-65@railstutorial.org"], ["activated", true], ["created_at", 2017-04-26 17:14:36 UTC], ["updated_at", 2017-04-26 17:14:36 UTC], ["password_digest", "$2a$10$7V8KMl8UvyPY445hAOkx9.NIs53dszlp9rVCWbelt/t3Ur0Q1mNaO"], ["activation_digest", "$2a$10$svhKQnaJMjsqNoXiZxD2Uutu8/SS./aHH672uH3Fy2Ub7fhSVp562"], ["activated_at", 2017-04-26 17:14:36 UTC]]
  [1m[35m (17.3ms)[0m  [1m[36mcommit transaction[0m
  [1m[35m (0.1ms)[0m  [1m[36mbegin transaction[0m
  [1m[36mUser Exists (0.3ms)[0m  [1m[34mSELECT  1 AS one FROM "users" WHERE LOWER("users"."email") = LOWER(?) LIMIT ?[0m  [["email", "example-66@railstutorial.org"], ["LIMIT", 1]]
  [1m[35mSQL (0.4ms)[0m  [1m[32mINSERT INTO "users" ("first_name", "email", "activated", "created_at", "updated_at", "password_digest", "activation_digest", "activated_at") VALUES (?, ?, ?, ?, ?, ?, ?, ?)[0m  [["first_name", "Oscar Mraz"], ["email", "example-66@railstutorial.org"], ["activated", true], ["created_at", 2017-04-26 17:14:36 UTC], ["updated_at", 2017-04-26 17:14:36 UTC], ["password_digest", "$2a$10$0vdr.lvtIEhVBWabjGT40eHkko.NBdiXIMfJK7qQ3xKNJClyFJ51q"], ["activation_digest", "$2a$10$HW9mHplAfatA5pxRTfMQ/OYy6rEVtzIW29mgVoX7wIqINzZV6W5Q."], ["activated_at", 2017-04-26 17:14:36 UTC]]
  [1m[35m (11.0ms)[0m  [1m[36mcommit transaction[0m
  [1m[35m (0.1ms)[0m  [1m[36mbegin transaction[0m
  [1m[36mUser Exists (0.2ms)[0m  [1m[34mSELECT  1 AS one FROM "users" WHERE LOWER("users"."email") = LOWER(?) LIMIT ?[0m  [["email", "example-67@railstutorial.org"], ["LIMIT", 1]]
  [1m[35mSQL (0.3ms)[0m  [1m[32mINSERT INTO "users" ("first_name", "email", "activated", "created_at", "updated_at", "password_digest", "activation_digest", "activated_at") VALUES (?, ?, ?, ?, ?, ?, ?, ?)[0m  [["first_name", "Elissa Dooley"], ["email", "example-67@railstutorial.org"], ["activated", true], ["created_at", 2017-04-26 17:14:36 UTC], ["updated_at", 2017-04-26 17:14:36 UTC], ["password_digest", "$2a$10$yfj4RiKqQp9xLDwKV3mD8.itoQX6WKqDmzijg.Qr4zNqWOl5pZHZG"], ["activation_digest", "$2a$10$ASwhN3qkL5KedX53NC1yg.XC0Q2hyPNYUC4qDOOcR7opYzCujWhZ."], ["activated_at", 2017-04-26 17:14:36 UTC]]
  [1m[35m (10.6ms)[0m  [1m[36mcommit transaction[0m
  [1m[35m (0.1ms)[0m  [1m[36mbegin transaction[0m
  [1m[36mUser Exists (0.3ms)[0m  [1m[34mSELECT  1 AS one FROM "users" WHERE LOWER("users"."email") = LOWER(?) LIMIT ?[0m  [["email", "example-68@railstutorial.org"], ["LIMIT", 1]]
  [1m[35mSQL (0.5ms)[0m  [1m[32mINSERT INTO "users" ("first_name", "email", "activated", "created_at", "updated_at", "password_digest", "activation_digest", "activated_at") VALUES (?, ?, ?, ?, ?, ?, ?, ?)[0m  [["first_name", "Bonita Considine"], ["email", "example-68@railstutorial.org"], ["activated", true], ["created_at", 2017-04-26 17:14:37 UTC], ["updated_at", 2017-04-26 17:14:37 UTC], ["password_digest", "$2a$10$bP87wQ/B6j7/UOu9xqtzLuTsgT9Mfi9GYt3glYQhlUKEKHgLCLa4C"], ["activation_digest", "$2a$10$KYDfz4dDa3yH6hAAQ1BC4u0xSOSulKiYhMfBfJr9cJ5SnRqTPGWiK"], ["activated_at", 2017-04-26 17:14:36 UTC]]
  [1m[35m (10.9ms)[0m  [1m[36mcommit transaction[0m
  [1m[35m (0.2ms)[0m  [1m[36mbegin transaction[0m
  [1m[36mUser Exists (0.4ms)[0m  [1m[34mSELECT  1 AS one FROM "users" WHERE LOWER("users"."email") = LOWER(?) LIMIT ?[0m  [["email", "example-69@railstutorial.org"], ["LIMIT", 1]]
  [1m[35mSQL (0.4ms)[0m  [1m[32mINSERT INTO "users" ("first_name", "email", "activated", "created_at", "updated_at", "password_digest", "activation_digest", "activated_at") VALUES (?, ?, ?, ?, ?, ?, ?, ?)[0m  [["first_name", "Sophia Zboncak"], ["email", "example-69@railstutorial.org"], ["activated", true], ["created_at", 2017-04-26 17:14:37 UTC], ["updated_at", 2017-04-26 17:14:37 UTC], ["password_digest", "$2a$10$FO6h6i1GuvPnJ4GtTO094.w5XlbtBQ9ISvTEBxOtZCni.t4ZIj4VK"], ["activation_digest", "$2a$10$U4e1mJcj0.7JlQA4thUM8ehokdQsQUdfroZKbIn7Tz10gi2oo4ZCm"], ["activated_at", 2017-04-26 17:14:37 UTC]]
  [1m[35m (12.5ms)[0m  [1m[36mcommit transaction[0m
  [1m[35m (0.2ms)[0m  [1m[36mbegin transaction[0m
  [1m[36mUser Exists (0.3ms)[0m  [1m[34mSELECT  1 AS one FROM "users" WHERE LOWER("users"."email") = LOWER(?) LIMIT ?[0m  [["email", "example-70@railstutorial.org"], ["LIMIT", 1]]
  [1m[35mSQL (0.4ms)[0m  [1m[32mINSERT INTO "users" ("first_name", "email", "activated", "created_at", "updated_at", "password_digest", "activation_digest", "activated_at") VALUES (?, ?, ?, ?, ?, ?, ?, ?)[0m  [["first_name", "Mrs. Ruby Tromp"], ["email", "example-70@railstutorial.org"], ["activated", true], ["created_at", 2017-04-26 17:14:37 UTC], ["updated_at", 2017-04-26 17:14:37 UTC], ["password_digest", "$2a$10$EbS6.BHLz./STTDL4c36Lunx0gkWY/q/Ij5fj/vwojDBCGk5WBd/S"], ["activation_digest", "$2a$10$kL2YJ4tZ1mr8Kg5w.ElJcuHeUL2CuItsoILXT6aXAr1ajO9kowAoe"], ["activated_at", 2017-04-26 17:14:37 UTC]]
  [1m[35m (11.8ms)[0m  [1m[36mcommit transaction[0m
  [1m[35m (0.2ms)[0m  [1m[36mbegin transaction[0m
  [1m[36mUser Exists (0.3ms)[0m  [1m[34mSELECT  1 AS one FROM "users" WHERE LOWER("users"."email") = LOWER(?) LIMIT ?[0m  [["email", "example-71@railstutorial.org"], ["LIMIT", 1]]
  [1m[35mSQL (0.5ms)[0m  [1m[32mINSERT INTO "users" ("first_name", "email", "activated", "created_at", "updated_at", "password_digest", "activation_digest", "activated_at") VALUES (?, ?, ?, ?, ?, ?, ?, ?)[0m  [["first_name", "Joy King"], ["email", "example-71@railstutorial.org"], ["activated", true], ["created_at", 2017-04-26 17:14:37 UTC], ["updated_at", 2017-04-26 17:14:37 UTC], ["password_digest", "$2a$10$zZ.mchGNowLl21VEHobfS.PooPDECm2gJf8sGtZTsWpQQukJIFTcK"], ["activation_digest", "$2a$10$6RLC3UfP3zVxyC8NlLpRO.sIB1ph6uYsRYRF74ToBZDbyU9UY67uC"], ["activated_at", 2017-04-26 17:14:37 UTC]]
  [1m[35m (12.7ms)[0m  [1m[36mcommit transaction[0m
  [1m[35m (0.2ms)[0m  [1m[36mbegin transaction[0m
  [1m[36mUser Exists (0.4ms)[0m  [1m[34mSELECT  1 AS one FROM "users" WHERE LOWER("users"."email") = LOWER(?) LIMIT ?[0m  [["email", "example-72@railstutorial.org"], ["LIMIT", 1]]
  [1m[35mSQL (0.4ms)[0m  [1m[32mINSERT INTO "users" ("first_name", "email", "activated", "created_at", "updated_at", "password_digest", "activation_digest", "activated_at") VALUES (?, ?, ?, ?, ?, ?, ?, ?)[0m  [["first_name", "Mr. Amara Connelly"], ["email", "example-72@railstutorial.org"], ["activated", true], ["created_at", 2017-04-26 17:14:38 UTC], ["updated_at", 2017-04-26 17:14:38 UTC], ["password_digest", "$2a$10$5arIoQPa6P0GDSSjpncyGulNH/Z9.b0avok2EOlQ825Lqa2HZbpgi"], ["activation_digest", "$2a$10$lzifVyuaB2bwj4wu79AYiOb64Jpe5aP6Lzc.iVNjquQjoJZOlofE6"], ["activated_at", 2017-04-26 17:14:37 UTC]]
  [1m[35m (16.4ms)[0m  [1m[36mcommit transaction[0m
  [1m[35m (0.1ms)[0m  [1m[36mbegin transaction[0m
  [1m[36mUser Exists (0.3ms)[0m  [1m[34mSELECT  1 AS one FROM "users" WHERE LOWER("users"."email") = LOWER(?) LIMIT ?[0m  [["email", "example-73@railstutorial.org"], ["LIMIT", 1]]
  [1m[35mSQL (0.5ms)[0m  [1m[32mINSERT INTO "users" ("first_name", "email", "activated", "created_at", "updated_at", "password_digest", "activation_digest", "activated_at") VALUES (?, ?, ?, ?, ?, ?, ?, ?)[0m  [["first_name", "Allie Dicki V"], ["email", "example-73@railstutorial.org"], ["activated", true], ["created_at", 2017-04-26 17:14:38 UTC], ["updated_at", 2017-04-26 17:14:38 UTC], ["password_digest", "$2a$10$qHbpbSYwQ6hBHsHZRgInBOGo4neZNXM9usxdTQsQuZZMKogdp40J6"], ["activation_digest", "$2a$10$Ay09ef7y5BttLLSNobPkjeSIj53fK0/zBFGvR.M3AOfK6FS/V4Bp2"], ["activated_at", 2017-04-26 17:14:38 UTC]]
  [1m[35m (12.0ms)[0m  [1m[36mcommit transaction[0m
  [1m[35m (0.1ms)[0m  [1m[36mbegin transaction[0m
  [1m[36mUser Exists (0.3ms)[0m  [1m[34mSELECT  1 AS one FROM "users" WHERE LOWER("users"."email") = LOWER(?) LIMIT ?[0m  [["email", "example-74@railstutorial.org"], ["LIMIT", 1]]
  [1m[35mSQL (0.4ms)[0m  [1m[32mINSERT INTO "users" ("first_name", "email", "activated", "created_at", "updated_at", "password_digest", "activation_digest", "activated_at") VALUES (?, ?, ?, ?, ?, ?, ?, ?)[0m  [["first_name", "Miss Maye Hand"], ["email", "example-74@railstutorial.org"], ["activated", true], ["created_at", 2017-04-26 17:14:38 UTC], ["updated_at", 2017-04-26 17:14:38 UTC], ["password_digest", "$2a$10$O4bleTRHNwEsEUacl2xOLuwbPGOJMDVrfiF5H7mdAsIJkmWc1Nf6a"], ["activation_digest", "$2a$10$NuYoJ.LD6AyAPkv6k5cDuOUY8N0pMDQe0Kaj4sjQmTcnDz.eJ4Ka2"], ["activated_at", 2017-04-26 17:14:38 UTC]]
  [1m[35m (11.4ms)[0m  [1m[36mcommit transaction[0m
  [1m[35m (0.1ms)[0m  [1m[36mbegin transaction[0m
  [1m[36mUser Exists (0.3ms)[0m  [1m[34mSELECT  1 AS one FROM "users" WHERE LOWER("users"."email") = LOWER(?) LIMIT ?[0m  [["email", "example-75@railstutorial.org"], ["LIMIT", 1]]
  [1m[35mSQL (0.5ms)[0m  [1m[32mINSERT INTO "users" ("first_name", "email", "activated", "created_at", "updated_at", "password_digest", "activation_digest", "activated_at") VALUES (?, ?, ?, ?, ?, ?, ?, ?)[0m  [["first_name", "Rosanna Cassin"], ["email", "example-75@railstutorial.org"], ["activated", true], ["created_at", 2017-04-26 17:14:38 UTC], ["updated_at", 2017-04-26 17:14:38 UTC], ["password_digest", "$2a$10$Poz3Gu.Klz4YKXDuLg7EU.vZNTzqw6ps2n3DBN5gKNeMShHl3e7O2"], ["activation_digest", "$2a$10$8ubGLF4isXfxEAwz6dDvu.C.j/yypPU8TaVpCuTfnrAooY6dj7WWW"], ["activated_at", 2017-04-26 17:14:38 UTC]]
  [1m[35m (12.0ms)[0m  [1m[36mcommit transaction[0m
  [1m[35m (0.1ms)[0m  [1m[36mbegin transaction[0m
  [1m[36mUser Exists (0.4ms)[0m  [1m[34mSELECT  1 AS one FROM "users" WHERE LOWER("users"."email") = LOWER(?) LIMIT ?[0m  [["email", "example-76@railstutorial.org"], ["LIMIT", 1]]
  [1m[35mSQL (0.5ms)[0m  [1m[32mINSERT INTO "users" ("first_name", "email", "activated", "created_at", "updated_at", "password_digest", "activation_digest", "activated_at") VALUES (?, ?, ?, ?, ?, ?, ?, ?)[0m  [["first_name", "Francisco Senger"], ["email", "example-76@railstutorial.org"], ["activated", true], ["created_at", 2017-04-26 17:14:39 UTC], ["updated_at", 2017-04-26 17:14:39 UTC], ["password_digest", "$2a$10$xZwisU8a4X49Qzf1Es3Zm.4438t5DBxOBfc4qJ1Vu1llr4BdTuxze"], ["activation_digest", "$2a$10$uD8p.SJ8iA23JOd5ZmE3u.l.WYb3Og4XX9KqvmEQ6btOrBF97zbLu"], ["activated_at", 2017-04-26 17:14:38 UTC]]
  [1m[35m (12.7ms)[0m  [1m[36mcommit transaction[0m
  [1m[35m (0.2ms)[0m  [1m[36mbegin transaction[0m
  [1m[36mUser Exists (0.4ms)[0m  [1m[34mSELECT  1 AS one FROM "users" WHERE LOWER("users"."email") = LOWER(?) LIMIT ?[0m  [["email", "example-77@railstutorial.org"], ["LIMIT", 1]]
  [1m[35mSQL (0.5ms)[0m  [1m[32mINSERT INTO "users" ("first_name", "email", "activated", "created_at", "updated_at", "password_digest", "activation_digest", "activated_at") VALUES (?, ?, ?, ?, ?, ?, ?, ?)[0m  [["first_name", "Clotilde Kulas"], ["email", "example-77@railstutorial.org"], ["activated", true], ["created_at", 2017-04-26 17:14:39 UTC], ["updated_at", 2017-04-26 17:14:39 UTC], ["password_digest", "$2a$10$4QmwJ/k1hQ/iZbCe5PC7X.jGDkIjXkaHKYx7FV9gZoU0DYzQcBtX."], ["activation_digest", "$2a$10$EOMw3.K/DIPc.DMdWy1S9uUEmv5QsMr8dFRUror6Wci.KjW23ZSge"], ["activated_at", 2017-04-26 17:14:39 UTC]]
  [1m[35m (11.7ms)[0m  [1m[36mcommit transaction[0m
  [1m[35m (0.1ms)[0m  [1m[36mbegin transaction[0m
  [1m[36mUser Exists (0.3ms)[0m  [1m[34mSELECT  1 AS one FROM "users" WHERE LOWER("users"."email") = LOWER(?) LIMIT ?[0m  [["email", "example-78@railstutorial.org"], ["LIMIT", 1]]
  [1m[35mSQL (0.4ms)[0m  [1m[32mINSERT INTO "users" ("first_name", "email", "activated", "created_at", "updated_at", "password_digest", "activation_digest", "activated_at") VALUES (?, ?, ?, ?, ?, ?, ?, ?)[0m  [["first_name", "Miss Rogelio Franecki"], ["email", "example-78@railstutorial.org"], ["activated", true], ["created_at", 2017-04-26 17:14:39 UTC], ["updated_at", 2017-04-26 17:14:39 UTC], ["password_digest", "$2a$10$4ffHVAn/BreVoCHOOsyBu.5WzYpGYKt5q2AZylO6Qto2NFQJ/68oK"], ["activation_digest", "$2a$10$rmE0ZhStBDusIcnjEztKe./GYNdEJeREYQo4ckRt9/B2xQXuuaKg6"], ["activated_at", 2017-04-26 17:14:39 UTC]]
  [1m[35m (11.5ms)[0m  [1m[36mcommit transaction[0m
  [1m[35m (0.2ms)[0m  [1m[36mbegin transaction[0m
  [1m[36mUser Exists (0.3ms)[0m  [1m[34mSELECT  1 AS one FROM "users" WHERE LOWER("users"."email") = LOWER(?) LIMIT ?[0m  [["email", "example-79@railstutorial.org"], ["LIMIT", 1]]
  [1m[35mSQL (0.4ms)[0m  [1m[32mINSERT INTO "users" ("first_name", "email", "activated", "created_at", "updated_at", "password_digest", "activation_digest", "activated_at") VALUES (?, ?, ?, ?, ?, ?, ?, ?)[0m  [["first_name", "Jarod Kertzmann"], ["email", "example-79@railstutorial.org"], ["activated", true], ["created_at", 2017-04-26 17:14:39 UTC], ["updated_at", 2017-04-26 17:14:39 UTC], ["password_digest", "$2a$10$ucrzTIzHtSmcsoWUwsBloOJivoD1HNJ73XgMIsdoZjdB0p7F/FuAm"], ["activation_digest", "$2a$10$/mGHmugR4.iMc8k8v2mIR.O/IjQtNItX6I4DFy9znRA6Dgbc9HiKi"], ["activated_at", 2017-04-26 17:14:39 UTC]]
  [1m[35m (12.7ms)[0m  [1m[36mcommit transaction[0m
  [1m[35m (0.2ms)[0m  [1m[36mbegin transaction[0m
  [1m[36mUser Exists (0.4ms)[0m  [1m[34mSELECT  1 AS one FROM "users" WHERE LOWER("users"."email") = LOWER(?) LIMIT ?[0m  [["email", "example-80@railstutorial.org"], ["LIMIT", 1]]
  [1m[35mSQL (0.4ms)[0m  [1m[32mINSERT INTO "users" ("first_name", "email", "activated", "created_at", "updated_at", "password_digest", "activation_digest", "activated_at") VALUES (?, ?, ?, ?, ?, ?, ?, ?)[0m  [["first_name", "Monty Pfeffer"], ["email", "example-80@railstutorial.org"], ["activated", true], ["created_at", 2017-04-26 17:14:39 UTC], ["updated_at", 2017-04-26 17:14:39 UTC], ["password_digest", "$2a$10$4YRzJZKelAm8BfKsceSMi.zvMT5bpX0dHbjwmiVKS54VLXISg7aJ2"], ["activation_digest", "$2a$10$TPEm11WdUrw6QFDSUci7OuE0jkFh5I0ZgJwG40/Kz84qAGv8k7kti"], ["activated_at", 2017-04-26 17:14:39 UTC]]
  [1m[35m (14.7ms)[0m  [1m[36mcommit transaction[0m
  [1m[35m (0.2ms)[0m  [1m[36mbegin transaction[0m
  [1m[36mUser Exists (0.4ms)[0m  [1m[34mSELECT  1 AS one FROM "users" WHERE LOWER("users"."email") = LOWER(?) LIMIT ?[0m  [["email", "example-81@railstutorial.org"], ["LIMIT", 1]]
  [1m[35mSQL (0.5ms)[0m  [1m[32mINSERT INTO "users" ("first_name", "email", "activated", "created_at", "updated_at", "password_digest", "activation_digest", "activated_at") VALUES (?, ?, ?, ?, ?, ?, ?, ?)[0m  [["first_name", "Vincenzo Brekke"], ["email", "example-81@railstutorial.org"], ["activated", true], ["created_at", 2017-04-26 17:14:40 UTC], ["updated_at", 2017-04-26 17:14:40 UTC], ["password_digest", "$2a$10$65OCKu./pxH9iL7.kuEBfuZykuGVCT/qXKQEEE.orMl2lGqlLpPsC"], ["activation_digest", "$2a$10$Vm4hR3sn8qW5XXEIZRx8leXYuS11gIGBu0XCIZjCdCLxmWVCR8QSa"], ["activated_at", 2017-04-26 17:14:40 UTC]]
  [1m[35m (15.1ms)[0m  [1m[36mcommit transaction[0m
  [1m[35m (0.1ms)[0m  [1m[36mbegin transaction[0m
  [1m[36mUser Exists (0.3ms)[0m  [1m[34mSELECT  1 AS one FROM "users" WHERE LOWER("users"."email") = LOWER(?) LIMIT ?[0m  [["email", "example-82@railstutorial.org"], ["LIMIT", 1]]
  [1m[35mSQL (0.5ms)[0m  [1m[32mINSERT INTO "users" ("first_name", "email", "activated", "created_at", "updated_at", "password_digest", "activation_digest", "activated_at") VALUES (?, ?, ?, ?, ?, ?, ?, ?)[0m  [["first_name", "Bo Grimes"], ["email", "example-82@railstutorial.org"], ["activated", true], ["created_at", 2017-04-26 17:14:40 UTC], ["updated_at", 2017-04-26 17:14:40 UTC], ["password_digest", "$2a$10$fatgGcCPavDyP/QdNzM88.JhDpInCeL2A51g3QurKOAM4jMnB36QO"], ["activation_digest", "$2a$10$2XtpyYrPNgmM8iAQDadlPO9ysButx7DsTGJfBJhyT0/Ns3tmvvFhW"], ["activated_at", 2017-04-26 17:14:40 UTC]]
  [1m[35m (13.7ms)[0m  [1m[36mcommit transaction[0m
  [1m[35m (0.1ms)[0m  [1m[36mbegin transaction[0m
  [1m[36mUser Exists (0.3ms)[0m  [1m[34mSELECT  1 AS one FROM "users" WHERE LOWER("users"."email") = LOWER(?) LIMIT ?[0m  [["email", "example-83@railstutorial.org"], ["LIMIT", 1]]
  [1m[35mSQL (0.5ms)[0m  [1m[32mINSERT INTO "users" ("first_name", "email", "activated", "created_at", "updated_at", "password_digest", "activation_digest", "activated_at") VALUES (?, ?, ?, ?, ?, ?, ?, ?)[0m  [["first_name", "Leopold Balistreri"], ["email", "example-83@railstutorial.org"], ["activated", true], ["created_at", 2017-04-26 17:14:40 UTC], ["updated_at", 2017-04-26 17:14:40 UTC], ["password_digest", "$2a$10$GPFM7EwySGT/V2dgLJn69us2OYLmWPteNrC0WeYhK2oMR4VUkmCEi"], ["activation_digest", "$2a$10$gepUJqq8OkDol1pQgh1uLeInCOnWhlbNlS264OoTm5zlTnUVEIHZC"], ["activated_at", 2017-04-26 17:14:40 UTC]]
  [1m[35m (11.3ms)[0m  [1m[36mcommit transaction[0m
  [1m[35m (0.2ms)[0m  [1m[36mbegin transaction[0m
  [1m[36mUser Exists (0.3ms)[0m  [1m[34mSELECT  1 AS one FROM "users" WHERE LOWER("users"."email") = LOWER(?) LIMIT ?[0m  [["email", "example-84@railstutorial.org"], ["LIMIT", 1]]
  [1m[35mSQL (0.4ms)[0m  [1m[32mINSERT INTO "users" ("first_name", "email", "activated", "created_at", "updated_at", "password_digest", "activation_digest", "activated_at") VALUES (?, ?, ?, ?, ?, ?, ?, ?)[0m  [["first_name", "Alexis Nader"], ["email", "example-84@railstutorial.org"], ["activated", true], ["created_at", 2017-04-26 17:14:40 UTC], ["updated_at", 2017-04-26 17:14:40 UTC], ["password_digest", "$2a$10$V8XlpUQahQ6gh7PL4VhPCu8rObvJIEMx4HJIaO2VGM0Y94of3pk66"], ["activation_digest", "$2a$10$w2sL6lWlXrSmr4wEaww5O.HmH3yq44CAlUrN.R4Z/o2cccYUHV5Se"], ["activated_at", 2017-04-26 17:14:40 UTC]]
  [1m[35m (13.8ms)[0m  [1m[36mcommit transaction[0m
  [1m[35m (0.1ms)[0m  [1m[36mbegin transaction[0m
  [1m[36mUser Exists (0.3ms)[0m  [1m[34mSELECT  1 AS one FROM "users" WHERE LOWER("users"."email") = LOWER(?) LIMIT ?[0m  [["email", "example-85@railstutorial.org"], ["LIMIT", 1]]
  [1m[35mSQL (0.6ms)[0m  [1m[32mINSERT INTO "users" ("first_name", "email", "activated", "created_at", "updated_at", "password_digest", "activation_digest", "activated_at") VALUES (?, ?, ?, ?, ?, ?, ?, ?)[0m  [["first_name", "Flossie Howell DDS"], ["email", "example-85@railstutorial.org"], ["activated", true], ["created_at", 2017-04-26 17:14:41 UTC], ["updated_at", 2017-04-26 17:14:41 UTC], ["password_digest", "$2a$10$lVNCHxqYdn5BmMiX7TUDsukOTmW2qS.VDOaiEatZNvB/NDF2y4SSq"], ["activation_digest", "$2a$10$bS.oObE6yZoI06n0xRDskO6PowPAUMVvg5HKPxkCZuqZ34ZRq66OG"], ["activated_at", 2017-04-26 17:14:41 UTC]]
  [1m[35m (10.3ms)[0m  [1m[36mcommit transaction[0m
  [1m[35m (0.1ms)[0m  [1m[36mbegin transaction[0m
  [1m[36mUser Exists (0.4ms)[0m  [1m[34mSELECT  1 AS one FROM "users" WHERE LOWER("users"."email") = LOWER(?) LIMIT ?[0m  [["email", "example-86@railstutorial.org"], ["LIMIT", 1]]
  [1m[35mSQL (0.5ms)[0m  [1m[32mINSERT INTO "users" ("first_name", "email", "activated", "created_at", "updated_at", "password_digest", "activation_digest", "activated_at") VALUES (?, ?, ?, ?, ?, ?, ?, ?)[0m  [["first_name", "Jayson Cummerata"], ["email", "example-86@railstutorial.org"], ["activated", true], ["created_at", 2017-04-26 17:14:41 UTC], ["updated_at", 2017-04-26 17:14:41 UTC], ["password_digest", "$2a$10$s5Xb.9C8HVtxwWtWWw8q4ule64BIDw4k7l/XnsbiAA7XXRLsQbFCu"], ["activation_digest", "$2a$10$WsfsFl1ThSHRrvKaTe/mLuQ/bewyXvRQVirwFOeEUBK9mSR0bJ4v2"], ["activated_at", 2017-04-26 17:14:41 UTC]]
  [1m[35m (11.1ms)[0m  [1m[36mcommit transaction[0m
  [1m[35m (0.2ms)[0m  [1m[36mbegin transaction[0m
  [1m[36mUser Exists (0.4ms)[0m  [1m[34mSELECT  1 AS one FROM "users" WHERE LOWER("users"."email") = LOWER(?) LIMIT ?[0m  [["email", "example-87@railstutorial.org"], ["LIMIT", 1]]
  [1m[35mSQL (0.5ms)[0m  [1m[32mINSERT INTO "users" ("first_name", "email", "activated", "created_at", "updated_at", "password_digest", "activation_digest", "activated_at") VALUES (?, ?, ?, ?, ?, ?, ?, ?)[0m  [["first_name", "Moshe Adams"], ["email", "example-87@railstutorial.org"], ["activated", true], ["created_at", 2017-04-26 17:14:41 UTC], ["updated_at", 2017-04-26 17:14:41 UTC], ["password_digest", "$2a$10$7grR7AXvgg7JMo3u8sFFUu00QcfapOAQKQfOPm5/TRTgxEdhdHa0C"], ["activation_digest", "$2a$10$JQgOrUjWreY9B9e/9P3.s.Jy5gzqxCUoumu1fWNJ8OYl7oI/w6xv."], ["activated_at", 2017-04-26 17:14:41 UTC]]
  [1m[35m (10.6ms)[0m  [1m[36mcommit transaction[0m
  [1m[35m (0.4ms)[0m  [1m[36mbegin transaction[0m
  [1m[36mUser Exists (0.4ms)[0m  [1m[34mSELECT  1 AS one FROM "users" WHERE LOWER("users"."email") = LOWER(?) LIMIT ?[0m  [["email", "example-88@railstutorial.org"], ["LIMIT", 1]]
  [1m[35mSQL (0.5ms)[0m  [1m[32mINSERT INTO "users" ("first_name", "email", "activated", "created_at", "updated_at", "password_digest", "activation_digest", "activated_at") VALUES (?, ?, ?, ?, ?, ?, ?, ?)[0m  [["first_name", "Dovie Ebert"], ["email", "example-88@railstutorial.org"], ["activated", true], ["created_at", 2017-04-26 17:14:41 UTC], ["updated_at", 2017-04-26 17:14:41 UTC], ["password_digest", "$2a$10$UIHAma074/fOLFlUWEJrTeytsLY08.nxGxkPUJm1hZjU8nh5D6SA6"], ["activation_digest", "$2a$10$WBnJuEEH.pXWI6IOIPExruQk.hWWmp0hDowXktwXP8fsOCgy1Tibi"], ["activated_at", 2017-04-26 17:14:41 UTC]]
  [1m[35m (13.7ms)[0m  [1m[36mcommit transaction[0m
  [1m[35m (0.2ms)[0m  [1m[36mbegin transaction[0m
  [1m[36mUser Exists (0.4ms)[0m  [1m[34mSELECT  1 AS one FROM "users" WHERE LOWER("users"."email") = LOWER(?) LIMIT ?[0m  [["email", "example-89@railstutorial.org"], ["LIMIT", 1]]
  [1m[35mSQL (0.5ms)[0m  [1m[32mINSERT INTO "users" ("first_name", "email", "activated", "created_at", "updated_at", "password_digest", "activation_digest", "activated_at") VALUES (?, ?, ?, ?, ?, ?, ?, ?)[0m  [["first_name", "Jeffry Harvey"], ["email", "example-89@railstutorial.org"], ["activated", true], ["created_at", 2017-04-26 17:14:42 UTC], ["updated_at", 2017-04-26 17:14:42 UTC], ["password_digest", "$2a$10$Q.8pglz2YaQUlx4LJ8/GmeJhJcVKGky1G9m0DeRCoATtmjzMndRbG"], ["activation_digest", "$2a$10$emN7PklMAng9puNIkym7C.B/MFLZy5QyrtjSH2LTnGn7Y/4h8vdce"], ["activated_at", 2017-04-26 17:14:42 UTC]]
  [1m[35m (12.1ms)[0m  [1m[36mcommit transaction[0m
  [1m[35m (0.2ms)[0m  [1m[36mbegin transaction[0m
  [1m[36mUser Exists (0.3ms)[0m  [1m[34mSELECT  1 AS one FROM "users" WHERE LOWER("users"."email") = LOWER(?) LIMIT ?[0m  [["email", "example-90@railstutorial.org"], ["LIMIT", 1]]
  [1m[35mSQL (0.5ms)[0m  [1m[32mINSERT INTO "users" ("first_name", "email", "activated", "created_at", "updated_at", "password_digest", "activation_digest", "activated_at") VALUES (?, ?, ?, ?, ?, ?, ?, ?)[0m  [["first_name", "Reginald Wehner"], ["email", "example-90@railstutorial.org"], ["activated", true], ["created_at", 2017-04-26 17:14:42 UTC], ["updated_at", 2017-04-26 17:14:42 UTC], ["password_digest", "$2a$10$s.LAMo21Ww.sdkac/XI2qeeHeYU4xVUc.nZ1zlu7yo1EyYKTHjvTS"], ["activation_digest", "$2a$10$3mKwY6DnDvLGQU/CDTVaf.M1q03Gmf.SivtWCoSG6iUMdsuR9C7bS"], ["activated_at", 2017-04-26 17:14:42 UTC]]
  [1m[35m (14.3ms)[0m  [1m[36mcommit transaction[0m
  [1m[35m (0.2ms)[0m  [1m[36mbegin transaction[0m
  [1m[36mUser Exists (0.4ms)[0m  [1m[34mSELECT  1 AS one FROM "users" WHERE LOWER("users"."email") = LOWER(?) LIMIT ?[0m  [["email", "example-91@railstutorial.org"], ["LIMIT", 1]]
  [1m[35mSQL (0.4ms)[0m  [1m[32mINSERT INTO "users" ("first_name", "email", "activated", "created_at", "updated_at", "password_digest", "activation_digest", "activated_at") VALUES (?, ?, ?, ?, ?, ?, ?, ?)[0m  [["first_name", "Lew Doyle"], ["email", "example-91@railstutorial.org"], ["activated", true], ["created_at", 2017-04-26 17:14:42 UTC], ["updated_at", 2017-04-26 17:14:42 UTC], ["password_digest", "$2a$10$2Jd8oYf4.OO2SsnC30/0jOP7IVs1kNAhQqGnVitZo8fcPDk3uI.3S"], ["activation_digest", "$2a$10$e9N9XvYrfIzRt7mBFdmtH.diWlitfii5GrYbTBpCo3PLffr5U2he6"], ["activated_at", 2017-04-26 17:14:42 UTC]]
  [1m[35m (17.4ms)[0m  [1m[36mcommit transaction[0m
  [1m[35m (0.1ms)[0m  [1m[36mbegin transaction[0m
  [1m[36mUser Exists (0.4ms)[0m  [1m[34mSELECT  1 AS one FROM "users" WHERE LOWER("users"."email") = LOWER(?) LIMIT ?[0m  [["email", "example-92@railstutorial.org"], ["LIMIT", 1]]
  [1m[35mSQL (0.4ms)[0m  [1m[32mINSERT INTO "users" ("first_name", "email", "activated", "created_at", "updated_at", "password_digest", "activation_digest", "activated_at") VALUES (?, ?, ?, ?, ?, ?, ?, ?)[0m  [["first_name", "Miss Anastasia Windler"], ["email", "example-92@railstutorial.org"], ["activated", true], ["created_at", 2017-04-26 17:14:42 UTC], ["updated_at", 2017-04-26 17:14:42 UTC], ["password_digest", "$2a$10$DNizIEOcPwKTgN1kpi/mQOhpNzxgSqpXHEdkjjSGdNPLdIuopASsm"], ["activation_digest", "$2a$10$QZJsHDApZv8mvPX5het61uHWu.3dSQfL.HHVF66WkNTkAwOjncaca"], ["activated_at", 2017-04-26 17:14:42 UTC]]
  [1m[35m (12.0ms)[0m  [1m[36mcommit transaction[0m
  [1m[35m (0.1ms)[0m  [1m[36mbegin transaction[0m
  [1m[36mUser Exists (0.3ms)[0m  [1m[34mSELECT  1 AS one FROM "users" WHERE LOWER("users"."email") = LOWER(?) LIMIT ?[0m  [["email", "example-93@railstutorial.org"], ["LIMIT", 1]]
  [1m[35mSQL (0.5ms)[0m  [1m[32mINSERT INTO "users" ("first_name", "email", "activated", "created_at", "updated_at", "password_digest", "activation_digest", "activated_at") VALUES (?, ?, ?, ?, ?, ?, ?, ?)[0m  [["first_name", "Lamont Quigley"], ["email", "example-93@railstutorial.org"], ["activated", true], ["created_at", 2017-04-26 17:14:43 UTC], ["updated_at", 2017-04-26 17:14:43 UTC], ["password_digest", "$2a$10$v.POypU.2zAdrfNfECVAvOmS7APcMTWV9Zg0fB.RpVHFV5bn1Klya"], ["activation_digest", "$2a$10$INqL4NaSMzkNsSV3fU71Q.dbs20sVN.nG6IYgwsDYcmMMXOukwnLe"], ["activated_at", 2017-04-26 17:14:43 UTC]]
  [1m[35m (10.6ms)[0m  [1m[36mcommit transaction[0m
  [1m[35m (0.2ms)[0m  [1m[36mbegin transaction[0m
  [1m[36mUser Exists (0.3ms)[0m  [1m[34mSELECT  1 AS one FROM "users" WHERE LOWER("users"."email") = LOWER(?) LIMIT ?[0m  [["email", "example-94@railstutorial.org"], ["LIMIT", 1]]
  [1m[35mSQL (0.5ms)[0m  [1m[32mINSERT INTO "users" ("first_name", "email", "activated", "created_at", "updated_at", "password_digest", "activation_digest", "activated_at") VALUES (?, ?, ?, ?, ?, ?, ?, ?)[0m  [["first_name", "Maude Trantow"], ["email", "example-94@railstutorial.org"], ["activated", true], ["created_at", 2017-04-26 17:14:43 UTC], ["updated_at", 2017-04-26 17:14:43 UTC], ["password_digest", "$2a$10$7cqlI6vBFNEb/6sJTvScoeD0go.r/cns0fv90I8uel.o7uAsJczQy"], ["activation_digest", "$2a$10$cE6ZNXYVvlgFOoqS0AOAVOxrngsq.bQVUk19oeqWy2IxHUHPK6M.O"], ["activated_at", 2017-04-26 17:14:43 UTC]]
  [1m[35m (11.0ms)[0m  [1m[36mcommit transaction[0m
  [1m[35m (0.2ms)[0m  [1m[36mbegin transaction[0m
  [1m[36mUser Exists (0.4ms)[0m  [1m[34mSELECT  1 AS one FROM "users" WHERE LOWER("users"."email") = LOWER(?) LIMIT ?[0m  [["email", "example-95@railstutorial.org"], ["LIMIT", 1]]
  [1m[35mSQL (0.5ms)[0m  [1m[32mINSERT INTO "users" ("first_name", "email", "activated", "created_at", "updated_at", "password_digest", "activation_digest", "activated_at") VALUES (?, ?, ?, ?, ?, ?, ?, ?)[0m  [["first_name", "Anthony McLaughlin"], ["email", "example-95@railstutorial.org"], ["activated", true], ["created_at", 2017-04-26 17:14:43 UTC], ["updated_at", 2017-04-26 17:14:43 UTC], ["password_digest", "$2a$10$gHdmcxrn3bmsB.y8Cnv3y.k7EOg9t.uaalSUhn.JPcZfAgTQHUYbi"], ["activation_digest", "$2a$10$wjTHOwViPJtMOws46V4G0uGlVm3CQrHiNDvmXFga2Awe..rW.RPWC"], ["activated_at", 2017-04-26 17:14:43 UTC]]
  [1m[35m (11.0ms)[0m  [1m[36mcommit transaction[0m
  [1m[35m (0.2ms)[0m  [1m[36mbegin transaction[0m
  [1m[36mUser Exists (0.5ms)[0m  [1m[34mSELECT  1 AS one FROM "users" WHERE LOWER("users"."email") = LOWER(?) LIMIT ?[0m  [["email", "example-96@railstutorial.org"], ["LIMIT", 1]]
  [1m[35mSQL (0.6ms)[0m  [1m[32mINSERT INTO "users" ("first_name", "email", "activated", "created_at", "updated_at", "password_digest", "activation_digest", "activated_at") VALUES (?, ?, ?, ?, ?, ?, ?, ?)[0m  [["first_name", "Arno Littel"], ["email", "example-96@railstutorial.org"], ["activated", true], ["created_at", 2017-04-26 17:14:43 UTC], ["updated_at", 2017-04-26 17:14:43 UTC], ["password_digest", "$2a$10$l8rGEtzEyNU0PNfp4WIZN.1x6cETOualUU2t..4cV3OVELvAZj64e"], ["activation_digest", "$2a$10$mv1uKixXGAsWHybhRVdyH.ZPx4Ea/UO9JK2Xwq2/YUTGIrrPdpInG"], ["activated_at", 2017-04-26 17:14:43 UTC]]
  [1m[35m (12.3ms)[0m  [1m[36mcommit transaction[0m
  [1m[35m (0.2ms)[0m  [1m[36mbegin transaction[0m
  [1m[36mUser Exists (0.4ms)[0m  [1m[34mSELECT  1 AS one FROM "users" WHERE LOWER("users"."email") = LOWER(?) LIMIT ?[0m  [["email", "example-97@railstutorial.org"], ["LIMIT", 1]]
  [1m[35mSQL (0.5ms)[0m  [1m[32mINSERT INTO "users" ("first_name", "email", "activated", "created_at", "updated_at", "password_digest", "activation_digest", "activated_at") VALUES (?, ?, ?, ?, ?, ?, ?, ?)[0m  [["first_name", "Melisa Ullrich"], ["email", "example-97@railstutorial.org"], ["activated", true], ["created_at", 2017-04-26 17:14:44 UTC], ["updated_at", 2017-04-26 17:14:44 UTC], ["password_digest", "$2a$10$m/wDVZdYRYLJPmrOtPavD.5sNF2Pi0jFpWvKQX/nhET2sRwIylfwO"], ["activation_digest", "$2a$10$eC2ufW961gt2krRdci0dru3iOvcJzPAA99bB6UJmamEEsncRLa0Au"], ["activated_at", 2017-04-26 17:14:44 UTC]]
  [1m[35m (24.1ms)[0m  [1m[36mcommit transaction[0m
  [1m[35m (0.2ms)[0m  [1m[36mbegin transaction[0m
  [1m[36mUser Exists (0.4ms)[0m  [1m[34mSELECT  1 AS one FROM "users" WHERE LOWER("users"."email") = LOWER(?) LIMIT ?[0m  [["email", "example-98@railstutorial.org"], ["LIMIT", 1]]
  [1m[35mSQL (0.5ms)[0m  [1m[32mINSERT INTO "users" ("first_name", "email", "activated", "created_at", "updated_at", "password_digest", "activation_digest", "activated_at") VALUES (?, ?, ?, ?, ?, ?, ?, ?)[0m  [["first_name", "Dr. Chase Abbott"], ["email", "example-98@railstutorial.org"], ["activated", true], ["created_at", 2017-04-26 17:14:44 UTC], ["updated_at", 2017-04-26 17:14:44 UTC], ["password_digest", "$2a$10$MSOIjW45J4ooMiaOI7x5K.cfm7vHGXc5jIkDI6iPyB18nehTZ9jPO"], ["activation_digest", "$2a$10$DBNOUwlJvW2ZlAptLH3NA.9DfvknOyhZwzC21gHfYDNPLAg0azRv2"], ["activated_at", 2017-04-26 17:14:44 UTC]]
  [1m[35m (12.8ms)[0m  [1m[36mcommit transaction[0m
  [1m[35m (0.2ms)[0m  [1m[36mbegin transaction[0m
  [1m[36mUser Exists (0.2ms)[0m  [1m[34mSELECT  1 AS one FROM "users" WHERE LOWER("users"."email") = LOWER(?) LIMIT ?[0m  [["email", "example-99@railstutorial.org"], ["LIMIT", 1]]
  [1m[35mSQL (0.5ms)[0m  [1m[32mINSERT INTO "users" ("first_name", "email", "activated", "created_at", "updated_at", "password_digest", "activation_digest", "activated_at") VALUES (?, ?, ?, ?, ?, ?, ?, ?)[0m  [["first_name", "Kelsi Rempel Jr."], ["email", "example-99@railstutorial.org"], ["activated", true], ["created_at", 2017-04-26 17:14:44 UTC], ["updated_at", 2017-04-26 17:14:44 UTC], ["password_digest", "$2a$10$ySl9z4LUzpOS8c6R3Auo2eg/QKHC1GaK8ebjG6fARjWx6gZAoTlzS"], ["activation_digest", "$2a$10$/UBajZXzyg.52TTPsluu3OH/owdDBnCwmnPcA.1iR/syt.WdctvYK"], ["activated_at", 2017-04-26 17:14:44 UTC]]
  [1m[35m (16.1ms)[0m  [1m[36mcommit transaction[0m
DEPRECATION WARNING: ActiveRecord::Base.raise_in_transactional_callbacks= is deprecated, has no effect and will be removed without replacement. (called from require at /home/ubuntu/workspace/Assignment_two/bin/rails:9)
  [1m[36mActiveRecord::SchemaMigration Load (0.3ms)[0m  [1m[34mSELECT "schema_migrations".* FROM "schema_migrations"[0m
  [1m[36mActiveRecord::InternalMetadata Load (0.3ms)[0m  [1m[34mSELECT  "ar_internal_metadata".* FROM "ar_internal_metadata" WHERE "ar_internal_metadata"."key" = ? LIMIT ?[0m  [["key", :environment], ["LIMIT", 1]]
  [1m[35m (0.1ms)[0m  [1m[36mbegin transaction[0m
  [1m[35m (0.1ms)[0m  [1m[36mcommit transaction[0m
  [1m[36mActiveRecord::SchemaMigration Load (0.1ms)[0m  [1m[34mSELECT "schema_migrations".* FROM "schema_migrations"[0m
  [1m[35m (0.1ms)[0m  [1m[34m            SELECT sql
            FROM sqlite_master
            WHERE name='index_users_on_email' AND type='index'
            UNION ALL
            SELECT sql
            FROM sqlite_temp_master
            WHERE name='index_users_on_email' AND type='index'
[0m
